   2004 file
   1400 wiki
    687 html
    679 home
    676 webclassification
    676 tj
    676 ds
    676 desktop
    513 cite
    406 buddha
    286 note
    265 buddhism
    256 ref
    253 org
    224 wikipedia
    221 https
    183 gautama
    158 buddhist
     79 http
     69 pdf
     63 category
     53 web
     53 special
     53 siddhartha
     53 localhost
     51 articles
     50 www
     45 title
     45 php
     43 early
     42 india
     42 index
     41 books
     40 life
     40 jpg
     37 sutta
     37 isbn
     37 international
     37 book
     36 pp
     36 number
     36 footnotevetter
     35 standard
     35 noble
     35 booksources
     35 birth
     34 footnotebronkhorst
     33 history
     32 truths
     32 pali
     32 canon
     32 archive
     29 sources
     28 language
     28 action
     27 texts
     27 nepal
     26 teachings
     26 lumbini
     26 insight
     26 bce
     25 text
     25 indian
     25 en
     25 edit
     24 tradition
     24 enlightenment
     24 ed
     23 death
     23 century
     22 vetter
     22 sanskrit
     22 path
     22 google
     22 dharma
     21 time
     21 sangha
     21 id
     21 disciples
     21 birthplace
     21 ancient
     20 temple
     20 retrieved
     20 page
     20 kapilavastu
     20 historical
     20 footnotegombrich
     19 redlink
     19 nikaya
     19 chinese
     19 buddhists
     18 university
     18 relics
     18 king
     17 siddhrtha
     17 press
     17 norman
     17 maya
     17 de
     17 article
     16 traditional
     16 philosophy
     16 needed
     16 london
     16 footnotewarder
     16 earliest
     16 bronkhorst
     15 sri
     15 search
     15 religions
     15 middle
     15 list
     15 links
     15 gombrich
     15 day
     15 buddhas
     14 routledge
     14 physical
     14 original
     14 oldest
     14 mother
     14 meditation
     14 kushinagar
     14 great
     14 footnotenorman
     14 footnotenarada
     14 cs
     14 bodhi
     14 awakening
     13 world
     13 ten
     13 november
     13 nirvana
     13 motilal
     13 main
     13 mahayana
     13 liberating
     13 hinduism
     13 father
     13 dating
     13 date
     13 characteristics
     13 bodhisattva
     13 banarsidass
     12 years
     12 warder
     12 theravada
     12 template
     12 sn
     12 schools
     12 sacred
     12 part
     12 pages
     12 la
     12 journal
     12 identifiers
     12 eightfold
     12 citation
     12 ce
     12 born
     12 biography
     12 archived
     11 wheel
     11 taught
     11 studies
     11 son
     11 society
     11 shakya
     11 sarnath
     11 richard
     11 religion
     11 present
     11 practices
     11 portal
     11 parinirvana
     11 museum
     11 maha
     11 lanka
     11 december
     11 ca
     11 art
     10 tibetan
     10 teaching
     10 talk
     10 svg
     10 suffering
     10 religious
     10 pli
     10 people
     10 na
     10 footnotehuntington
     10 encyclopedia
     10 details
     10 commons
     10 citerefvetter
     10 bihar
     10 ashoka
     10 ascetic
     10 ananda
      9 wikimedia
      9 tree
      9 traditions
      9 state
      9 siddharta
      9 scholars
      9 sariputta
      9 sa
      9 related
      9 ra
      9 practice
      9 philosophers
      9 pa
      9 oxford
      9 notes
      9 net
      9 named
      9 meditative
      9 magadha
      9 liberation
      9 kassapa
      9 kalama
      9 fr
      9 family
      9 died
      9 dhamma
      9 description
      9 buda
      9 biographies
      9 asita
      9 afghanistan
      8 xxi
      8 xv
      8 wikisource
      8 wikiquote
      8 west
      8 virtues
      8 uttar
      8 unsourced
      8 unknown
      8 tooth
      8 term
      8 sutras
      8 statements
      8 shakyamuni
      8 schmithausen
      8 rebirth
      8 rahula
      8 pradesh
      8 place
      8 pilgrimage
      8 pg
      8 period
      8 meal
      8 maudgalyayana
      8 maitreya
      8 internet
      8 human
      8 gotama
      8 gaya
      8 foremost
      8 footnoteschmithausen
      8 footnotesamuel
      8 footnotebeal
      8 existence
      8 east
      8 dhyana
      8 culture
      8 common
      8 burmese
      8 buddhahood
      8 bodh
      8 bhikkhu
      8 believed
      8 alara
      8 age
      8 access
      7 year
      7 works
      7 waley
      7 vol
      7 view
      7 tra
      7 thailand
      7 stupa
      7 states
      7 shrine
      7 scriptures
      7 republic
      7 prebish
      7 places
      7 pig
      7 palm
      7 outline
      7 narada
      7 nanda
      7 movement
      7 manuscript
      7 majjhima
      7 mahvastu
      7 lopez
      7 leaf
      7 laos
      7 korean
      7 knowledge
      7 kingdom
      7 kaundinya
      7 josaphat
      7 ideas
      7 htm
      7 god
      7 gave
      7 emperor
      7 eastern
      7 dukkha
      7 digha
      7 depictions
      7 departure
      7 delhi
      7 days
      7 bimbisara
      7 beal
      7 authority
      7 asia
      7 arahant
      7 accepted
      6 zen
      6 york
      6 xxxvii
      6 xxx
      6 xxviii
      6 written
      6 wikimediafoundation
      6 weasel
      6 von
      6 vinaya
      6 vedic
      6 unesco
      6 uk
      6 tilaurakot
      6 thought
      6 thai
      6 terms
      6 suddhodana
      6 story
      6 samuel
      6 rtha
      6 royal
      6 romanization
      6 ramaputta
      6 puja
      6 publication
      6 prajnaparamita
      6 piprahwa
      6 palace
      6 national
      6 monasticism
      6 mn
      6 marks
      6 man
      6 lord
      6 local
      6 literature
      6 lineage
      6 light
      6 library
      6 li
      6 lama
      6 karma
      6 jpeg
      6 johannes
      6 jainism
      6 jain
      6 introduction
      6 hartmann
      6 government
      6 formation
      6 form
      6 footnoteschumann
      6 footnotenakamura
      6 footnotekeownprebish
      6 footnotedhammika
      6 footnotecousins
      6 footnotecarrithers
      6 footnoteanderson
      6 food
      6 film
      6 events
      6 empire
      6 donald
      6 doi
      6 development
      6 dates
      6 da
      6 creator
      6 contents
      6 content
      6 clear
      6 citerefgombrich
      6 citerefbronkhorst
      6 chief
      6 buddhacarita
      6 budda
      6 britannica
      6 body
      6 birthday
      6 bechert
      6 bc
      6 astasahasrika
      6 arhat
      6 ahandfulofleaves
      6 accesstoinsight
      5 zuddhodana
      5 women
      5 visit
      5 vii
      5 victory
      5 viaf
      5 translation
      5 transl
      5 tilmann
      5 ti
      5 theravda
      5 teachers
      5 teacher
      5 tales
      5 ta
      5 subject
      5 stages
      5 specifically
      5 source
      5 sktra
      5 siddhattha
      5 siddh
      5 sermon
      5 september
      5 samadhi
      5 sage
      5 research
      5 renunciation
      5 regarded
      5 references
      5 realm
      5 rajagaha
      5 protected
      5 prince
      5 policy
      5 piya
      5 passing
      5 origin
      5 omniscience
      5 nepali
      5 nature
      5 narain
      5 names
      5 monks
      5 modern
      5 miracles
      5 means
      5 mantra
      5 major
      5 mahavira
      5 mahaparinibbana
      5 mahapajapati
      5 logo
      5 lifetime
      5 librivox
      5 left
      5 kshatriya
      5 kosala
      5 jataka
      5 ix
      5 isni
      5 information
      5 indonesia
      5 iconography
      5 holy
      5 heinz
      5 heaven
      5 hair
      5 gutenberg
      5 gethin
      5 german
      5 generally
      5 general
      5 gandhara
      5 future
      5 followers
      5 flap
      5 files
      5 era
      5 documents
      5 doctrine
      5 dn
      5 digital
      5 developed
      5 descriptions
      5 depicted
      5 cremation
      5 cosmology
      5 core
      5 considered
      5 conception
      5 clan
      5 citing
      5 citerefnorman
      5 citerefnarada
      5 citations
      5 charles
      5 chapter
      5 channa
      5 ch
      5 capital
      5 cambridge
      5 buddhanet
      5 buddhaghosa
      5 brahmanical
      5 bnf
      5 bengali
      5 bbc
      5 asoka
      5 asked
      5 asceticism
      5 armstrong
      5 anuruddha
      5 andrew
      5 ahmadiyya
      4 zh
      4 yogis
      4 yasa
      4 ya
      4 worded
      4 western
      4 vishnu
      4 vipassana
      4 vietnamese
      4 victoria
      4 vesak
      4 vegetarianism
      4 vedas
      4 varanasi
      4 vajrapani
      4 url
      4 upali
      4 united
      4 unifying
      4 uni
      4 udaka
      4 training
      4 topics
      4 topic
      4 tipitaka
      4 timeline
      4 taiwan
      4 suttas
      4 sutra
      4 surviving
      4 study
      4 strong
      4 st
      4 srivastava
      4 south
      4 soft
      4 smith
      4 skilton
      4 site
      4 sights
      4 shramana
      4 semi
      4 schumann
      4 school
      4 scenes
      4 sandaka
      4 russia
      4 ronald
      4 roman
      4 return
      4 relic
      4 realms
      4 real
      4 reading
      4 ramaga
      4 rama
      4 radiant
      4 questions
      4 queen
      4 punna
      4 publications
      4 project
      4 privacy
      4 principal
      4 princeton
      4 position
      4 phrases
      4 personal
      4 persecution
      4 pajapati
      4 orissa
      4 order
      4 oratorio
      4 online
      4 oligarchy
      4 oldid
      4 nuns
      4 northern
      4 nichiren
      4 neumann
      4 navayana
      4 natgeo
      4 nakamura
      4 myanmar
      4 motifs
      4 mongolia
      4 mindfulness
      4 min
      4 mettanando
      4 media
      4 mathura
      4 marriage
      4 marked
      4 mara
      4 mani
      4 malla
      4 maint
      4 mahakasyapa
      4 mahabodhi
      4 mah
      4 luzac
      4 lived
      4 les
      4 laozi
      4 jpts
      4 journey
      4 joined
      4 jewels
      4 japanese
      4 japan
      4 islam
      4 indefinitely
      4 inconsistencies
      4 include
      4 impermanence
      4 identifier
      4 huntington
      4 hinayana
      4 hin
      4 held
      4 greco
      4 goldenbowl
      4 goal
      4 gnd
      4 glossary
      4 george
      4 geoffrey
      4 full
      4 french
      4 fourth
      4 foundation
      4 format
      4 footprint
      4 footnotewalshe
      4 footnotesrivastava
      4 footnoteskilton
      4 footnotenarain
      4 footnotelopez
      4 footnotelaumakis
      4 footnotekaretzky
      4 footnotejones
      4 footnotejanet
      4 footnotehartmann
      4 footnotegyatso
      4 footnotegethin
      4 footnotebaroni
      4 footnotearmstrong
      4 final
      4 false
      4 extra
      4 evidence
      4 elected
      4 dq
      4 disambiguation
      4 dhy
      4 dharmaguptaka
      4 dhammika
      4 dhammapada
      4 devi
      4 descent
      4 depiction
      4 davidson
      4 dated
      4 cousins
      4 countries
      4 councils
      4 contact
      4 community
      4 citerefwarder
      4 citerefbeal
      4 circa
      4 christianity
      4 centuries
      4 carrithers
      4 canonical
      4 candi
      4 cambodia
      4 called
      4 brill
      4 brahmin
      4 brahm
      4 br
      4 borobudur
      4 biographical
      4 bhutan
      4 beings
      4 began
      4 befeo
      4 basic
      4 barlaam
      4 awakened
      4 avatar
      4 autogenerated
      4 author
      4 attained
      4 assaji
      4 arthur
      4 architecture
      4 arahants
      4 ar
      4 anthony
      4 animal
      4 anguttara
      4 anderson
      4 anatta
      4 alms
      4 albert
      4 addition
      4 accounts
      4 abhij
      3 yoga
      3 yasodhara
      3 yaksha
      3 xxxvi
      3 xxxv
      3 xxxiv
      3 xxvi
      3 xii
      3 worship
      3 worldcat
      3 work
      3 words
      3 wordpress
      3 word
      3 wisdom
      3 wikidata
      3 white
      3 wesak
      3 weise
      3 warrior
      3 walshe
      3 village
      3 viii
      3 vihara
      3 ven
      3 vassa
      3 varna
      3 vandenhoeck
      3 vajrayana
      3 utm
      3 understanding
      3 uddhodana
      3 tw
      3 truffle
      3 true
      3 travels
      3 traveled
      3 transcriptions
      3 trans
      3 tracing
      3 titles
      3 times
      3 threefold
      3 theravadin
      3 theory
      3 teach
      3 tantra
      3 tan
      3 suukaramaddava
      3 suukara
      3 supernatural
      3 suggest
      3 stress
      3 stayed
      3 statement
      3 spiritual
      3 spent
      3 southern
      3 sought
      3 software
      3 skandha
      3 sites
      3 simple
      3 sidarta
      3 series
      3 selibr
      3 seeking
      3 secular
      3 sect
      3 science
      3 sati
      3 sarvastivada
      3 samyutta
      3 sakya
      3 sacredbooksofbud
      3 ruprecht
      3 rules
      3 robert
      3 review
      3 returnto
      3 reputed
      3 reign
      3 reflect
      3 records
      3 record
      3 readings
      3 reached
      3 query
      3 pure
      3 pudding
      3 prophet
      3 printed
      3 precepts
      3 pre
      3 prayer
      3 prat
      3 praj
      3 poem
      3 plant
      3 plain
      3 pla
      3 pigs
      3 philological
      3 penguin
      3 paul
      3 pala
      3 oskar
      3 orient
      3 onepage
      3 oka
      3 object
      3 ntu
      3 nland
      3 nipata
      3 ng
      3 news
      3 navigation
      3 nalanda
      3 music
      3 ms
      3 mortification
      3 months
      3 monastic
      3 monastery
      3 miles
      3 merit
      3 mediawiki
      3 mediatype
      3 mcgill
      3 material
      3 master
      3 manga
      3 mahyna
      3 mahaparinirvana
      3 ma
      3 lotus
      3 long
      3 londuoft
      3 logic
      3 located
      3 lives
      3 link
      3 legend
      3 led
      3 lccn
      3 laumakis
      3 land
      3 lalitavistara
      3 laid
      3 knowing
      3 kingdoms
      3 keown
      3 karen
      3 kara
      3 kapilvastu
      3 kalpa
      3 jr
      3 journals
      3 jong
      3 jones
      3 john
      3 jayatilleke
      3 jama
      3 inscription
      3 initially
      3 info
      3 influences
      3 indologica
      3 important
      3 images
      3 illustrated
      3 ii
      3 ignorance
      3 identity
      3 householder
      3 hindu
      3 hinber
      3 hiltebeitel
      3 harvard
      3 hakka
      3 hadda
      3 ha
      3 grubin
      3 grew
      3 gov
      3 gotami
      3 good
      3 gnosticism
      3 gnostic
      3 ghurye
      3 geshe
      3 garden
      3 funeral
      3 france
      3 founders
      3 fo
      3 flesh
      3 find
      3 films
      3 felt
      3 faith
      3 external
      3 extant
      3 ethics
      3 enlightened
      3 edward
      3 edicts
      3 ecole
      3 eb
      3 eating
      3 earlier
      3 dx
      3 du
      3 dream
      3 donate
      3 discourse
      3 die
      3 dhyna
      3 dhammacakkappavattana
      3 devotional
      3 developments
      3 deva
      3 david
      3 current
      3 cunda
      3 cousin
      3 country
      3 conze
      3 converted
      3 control
      3 contrast
      3 coningham
      3 concise
      3 concepts
      3 complexion
      3 companions
      3 columbia
      3 colombo
      3 collections
      3 clarendon
      3 city
      3 citerefschumann
      3 citerefhuntington
      3 chpt
      3 china
      3 cb
      3 calendar
      3 bulletin
      3 british
      3 brahmavihara
      3 brahman
      3 believes
      3 bcber
      3 based
      3 basa
      3 baroni
      3 bangladesh
      3 ba
      3 attributed
      3 ascetics
      3 arts
      3 area
      3 april
      3 approach
      3 appearance
      3 alternative
      3 alexander
      3 alavaka
      3 al
      3 agreed
      3 agnihotra
      3 aeon
      3 account
      3 accompanied
      2 zkyamuni
      2 zelazny
      2 zazen
      2 za
      2 yue
      2 younger
      2 yogic
      2 yogachara
      2 yazawin
      2 yasodhar
      2 xx
      2 xuhao
      2 xuanzang
      2 wynne
      2 writing
      2 writes
      2 wp
      2 worlds
      2 woodville
      2 williams
      2 william
      2 willemen
      2 wife
      2 widely
      2 wen
      2 wayman
      2 wayley
      2 wat
      2 walsh
      2 walpola
      2 vulturepeak
      2 vro
      2 vow
      2 volumes
      2 vipassi
      2 vipassan
      2 violence
      2 vika
      2 views
      2 viewfile
      2 vietnam
      2 vicaya
      2 vi
      2 vesali
      2 venezuela
      2 ved
      2 vasubandhu
      2 vassana
      2 variety
      2 vara
      2 vandana
      2 vaji
      2 vagga
      2 uppalavanna
      2 uposatha
      2 uploads
      2 upload
      2 upekkha
      2 upatisa
      2 upadhyaya
      2 unsurpassable
      2 unsupported
      2 unesdoc
      2 unanswered
      2 uddaka
      2 ub
      2 type
      2 tyasamutp
      2 twitchett
      2 twenty
      2 tv
      2 turpie
      2 tulku
      2 tuladhar
      2 truth
      2 tripimaka
      2 tripi
      2 tripathy
      2 tricycle
      2 trbner
      2 transmitted
      2 transmission
      2 translated
      2 transcendent
      2 trainor
      2 traditionally
      2 tools
      2 tonglen
      2 tissa
      2 tirthankara
      2 tibet
      2 tiantai
      2 theravadins
      2 theosophy
      2 theories
      2 thebuddhaandvajrapanigandhara
      2 thapar
      2 thanissaro
      2 thangka
      2 tezuka
      2 textual
      2 tevijjavacchagotta
      2 terma
      2 tendency
      2 temples
      2 tathgata
      2 tath
      2 symposium
      2 symbolism
      2 swearer
      2 swastika
      2 suryavansha
      2 survey
      2 surrounded
      2 sumedha
      2 sumana
      2 sujata
      2 sui
      2 suggests
      2 successor
      2 succeed
      2 subjects
      2 subhuti
      2 subhoti
      2 subcontinent
      2 subasinghe
      2 stupas
      2 strengths
      2 stories
      2 stone
      2 statue
      2 start
      2 stanford
      2 spoken
      2 speech
      2 soul
      2 sotapanna
      2 songtsen
      2 sociology
      2 socialism
      2 social
      2 sobhita
      2 small
      2 skr
      2 sketch
      2 sinhalese
      2 single
      2 singapore
      2 silk
      2 silent
      2 sikhi
      2 signs
      2 significant
      2 sidharta
      2 side
      2 siddhi
      2 sic
      2 shwe
      2 shults
      2 short
      2 shingon
      2 shikantaza
      2 sharealike
      2 shaolin
      2 shamarpa
      2 sham
      2 sfsu
      2 set
      2 sep
      2 seon
      2 sentient
      2 selected
      2 sek
      2 sectarian
      2 season
      2 scripture
      2 script
      2 scielo
      2 scholarship
      2 schober
      2 scans
      2 sayadaw
      2 satya
      2 satipatthana
      2 sanyas
      2 samuels
      2 samsara
      2 samatha
      2 sakyan
      2 sakadagami
      2 sajaya
      2 sahampati
      2 saekhra
      2 sadhu
      2 sacsra
      2 sacca
      2 rya
      2 ruegg
      2 roger
      2 rockhill
      2 rock
      2 road
      2 rinpoche
      2 rice
      2 rhys
      2 rhula
      2 revues
      2 revised
      2 revealed
      2 revata
      2 retreat
      2 resources
      2 reputedly
      2 reports
      2 reported
      2 remote
      2 reminded
      2 remains
      2 remain
      2 rejected
      2 regions
      2 regard
      2 refuge
      2 red
      2 recollection
      2 reasoning
      2 reality
      2 read
      2 rangoon
      2 random
      2 ran
      2 ramit
      2 rajgir
      2 rajghat
      2 rai
      2 quest
      2 push
      2 purnima
      2 publishers
      2 public
      2 publ
      2 pts
      2 ptf
      2 pt
      2 psychology
      2 prostration
      2 proponent
      2 progressive
      2 problem
      2 printable
      2 previous
      2 presectarian
      2 prescript
      2 prem
      2 precise
      2 preceded
      2 pratyekabuddha
      2 possibility
      2 portions
      2 pork
      2 points
      2 poetry
      2 png
      2 piyadassi
      2 pinyin
      2 picture
      2 phussa
      2 philosophical
      2 philippines
      2 persee
      2 perse
      2 perceptions
      2 pdfs
      2 payasam
      2 paths
      2 passaddhi
      2 paritta
      2 parinibbana
      2 parameters
      2 parabaik
      2 papers
      2 pandav
      2 panchen
      2 panchala
      2 palitext
      2 pakudha
      2 pakistan
      2 painting
      2 pain
      2 pagoda
      2 padumuttara
      2 paduma
      2 padme
      2 padmasambhava
      2 otgonbayar
      2 osu
      2 osten
      2 osamu
      2 orthodox
      2 origins
      2 origination
      2 oriental
      2 orhj
      2 oral
      2 om
      2 offering
      2 offered
      2 odisha
      2 october
      2 obtained
      2 nyat
      2 numerous
      2 num
      2 nstika
      2 north
      2 norsk
      2 nikyas
      2 nikayas
      2 nigantha
      2 nidnakath
      2 nidanakatha
      2 newar
      2 nekkhamma
      2 needing
      2 ndl
      2 ndcentury
      2 nb
      2 nationalism
      2 nashik
      2 naropa
      2 nagasena
      2 nagarjuna
      2 nadee
      2 mutra
      2 muni
      2 mundane
      2 mulian
      2 mulasarvastivada
      2 muenchen
      2 mudra
      2 mudita
      2 mrsp
      2 mra
      2 moved
      2 move
      2 motion
      2 month
      2 monarchy
      2 moksha
      2 mohptra
      2 mohapatra
      2 modernism
      2 moderate
      2 mobile
      2 ml
      2 minor
      2 mindstream
      2 mind
      2 milk
      2 mett
      2 methods
      2 meter
      2 message
      2 mesenteric
      2 mershman
      2 mention
      2 mendicant
      2 men
      2 mel
      2 max
      2 maurya
      2 maturity
      2 mastering
      2 manuscripts
      2 manichaeism
      2 mandala
      2 male
      2 maldives
      2 malaysia
      2 malalasekera
      2 malaiya
      2 makkhali
      2 making
      2 maithuna
      2 mahptra
      2 mahisasaka
      2 mahaparinirvanasutra
      2 mahakaccana
      2 mahajanapadas
      2 mahajanapada
      2 magic
      2 magha
      2 magazine
      2 madhyamaka
      2 macdonnel
      2 lxii
      2 ludwig
      2 lokottara
      2 location
      2 lng
      2 live
      2 literally
      2 lists
      2 listen
      2 licenses
      2 license
      2 libris
      2 learning
      2 leading
      2 lay
      2 languages
      2 lambert
      2 kushinara
      2 kushan
      2 kuru
      2 kumar
      2 ku
      2 korea
      2 koliyan
      2 koliya
      2 ko
      2 kn
      2 kleshas
      2 kishore
      2 khia
      2 khema
      2 kharosthi
      2 kh
      2 kernel
      2 katz
      2 karuna
      2 karu
      2 karmapa
      2 karetzky
      2 kapileswar
      2 kanthaka
      2 kanji
      2 kandy
      2 kamma
      2 kalmykia
      2 kala
      2 kakusandha
      2 kai
      2 jyutping
      2 juh
      2 jounalvol
      2 join
      2 johnson
      2 jocbs
      2 jn
      2 jiabs
      2 jhanas
      2 jesus
      2 jcharticles
      2 jaya
      2 janet
      2 jan
      2 jalalabad
      2 jaggery
      2 issn
      2 isites
      2 iran
      2 invited
      2 inra
      2 infobox
      2 influential
      2 infarction
      2 indulgence
      2 indriya
      2 indology
      2 indologie
      2 inconsistent
      2 including
      2 incident
      2 ina
      2 image
      2 identities
      2 identification
      2 iddhipada
      2 icb
      2 ia
      2 huntingtonarchive
      2 hundreds
      2 humans
      2 hum
      2 hula
      2 horse
      2 homage
      2 holidays
      2 hokkien
      2 hl
      2 historically
      2 historians
      2 hiragana
      2 hindus
      2 hindrances
      2 himansu
      2 highest
      2 higher
      2 hidden
      2 hgyur
      2 hesse
      2 heroes
      2 hermit
      2 hermann
      2 hereditary
      2 heidelberg
      2 hearing
      2 head
      2 hatred
      2 hanyu
      2 hangul
      2 hamilton
      2 halo
      2 hak
      2 hajime
      2 gyatso
      2 guatama
      2 guards
      2 guanyin
      2 gttingen
      2 gsghurye
      2 grove
      2 group
      2 greatest
      2 gotam
      2 gopal
      2 golden
      2 gods
      2 give
      2 girl
      2 geographic
      2 gene
      2 gayatri
      2 gangetic
      2 gangaramaya
      2 gandhran
      2 gampo
      2 gama
      2 fully
      2 fulltext
      2 fs
      2 free
      2 franz
      2 francis
      2 franaise
      2 fowler
      2 founded
      2 foundations
      2 formulated
      2 formed
      2 formats
      2 footnotewynne
      2 footnotewilliams
      2 footnotewillemen
      2 footnoteweise
      2 footnotewayman
      2 footnotewalsh
      2 footnotewaley
      2 footnotevon
      2 footnoteupadhyaya
      2 footnotetwitchett
      2 footnoteturpie
      2 footnotetuladhar
      2 footnotetripathy
      2 footnotetrainor
      2 footnotethapar
      2 footnoteswearer
      2 footnotestrong
      2 footnotesmith
      2 footnoteshults
      2 footnoteschober
      2 footnotesamuels
      2 footnoteruegg
      2 footnoteprebish
      2 footnotemoh
      2 footnotemettanando
      2 footnotemershman
      2 footnotemalalasekera
      2 footnotemah
      2 footnotemacdonnel
      2 footnotekatz
      2 footnotekala
      2 footnotejong
      2 footnotejayatilleke
      2 footnotehiltebeitel
      2 footnotehamilton
      2 footnotegrubin
      2 footnotegopal
      2 footnotefowler
      2 footnoteflood
      2 footnoteepstein
      2 footnoteeade
      2 footnotedavidson
      2 footnotecowell
      2 footnoteconze
      2 footnotecollins
      2 footnotebuswell
      2 footnotebechert
      2 foot
      2 follow
      2 focused
      2 flag
      2 finally
      2 figures
      2 figure
      2 fetters
      2 february
      2 featured
      2 famously
      2 familiar
      2 factors
      2 eyes
      2 extrme
      2 extremes
      2 extreme
      2 exist
      2 exertions
      2 exact
      2 evolution
      2 essential
      2 essays
      2 eschatology
      2 es
      2 ershuu
      2 epstein
      2 epic
      2 entitled
      2 entered
      2 enshrined
      2 engvarb
      2 english
      2 engaging
      2 engaged
      2 endascetism
      2 encyclopdia
      2 elephant
      2 edwin
      2 edifice
      2 edict
      2 economics
      2 ebud
      2 ebdha
      2 eade
      2 dzogchen
      2 dundas
      2 dudley
      2 downloads
      2 doubts
      2 dokumente
      2 docs
      2 dmy
      2 dl
      2 divine
      2 disputed
      2 display
      2 discovery
      2 discourses
      2 disciple
      2 dinesh
      2 difficult
      2 dictionary
      2 dickinson
      2 dharmas
      2 dharmafarer
      2 dharmachakra
      2 dharmacakra
      2 dhammananda
      2 dhammajak
      2 dhammadassi
      2 dhamm
      2 dhamek
      2 devotion
      2 devata
      2 devadatta
      2 destroyed
      2 desire
      2 des
      2 depicts
      2 dependent
      2 demon
      2 decline
      2 deathplace
      2 dbet
      2 davids
      2 data
      2 damien
      2 dalai
      2 dagon
      2 cycle
      2 custom
      2 cuisine
      2 crisis
      2 cremated
      2 creativecommons
      2 creative
      2 creation
      2 create
      2 craving
      2 cowell
      2 council
      2 coronation
      2 cookie
      2 conversion
      2 constituting
      2 consequentialists
      2 consensus
      2 consciousnesses
      2 confucius
      2 conceived
      2 composition
      2 composed
      2 complete
      2 comparison
      2 colostate
      2 collins
      2 closely
      2 claims
      2 claimed
      2 cities
      2 citerefwalshe
      2 citerefsrivastava
      2 citerefskilton
      2 citerefschmithausen
      2 citerefnarain
      2 citerefnakamura
      2 citereflopez
      2 citereflaumakis
      2 citerefjones
      2 citerefjanet
      2 citerefhartmann
      2 citerefgethin
      2 citerefcarrithers
      2 citerefarmstrong
      2 chronologies
      2 childhood
      2 chieftain
      2 characters
      2 chanting
      2 chan
      2 chakravartin
      2 cetiya
      2 centre
      2 central
      2 center
      2 ccbs
      2 cave
      2 catholic
      2 categories
      2 carol
      2 cao
      2 cantonese
      2 canons
      2 call
      2 buswell
      2 burma
      2 burm
      2 budsas
      2 buddhology
      2 buddhistpilgrimagesites
      2 buddhistmahy
      2 buddhistethics
      2 buddhavacana
      2 buddharupa
      2 budai
      2 buck
      2 brothers
      2 brazil
      2 brahmins
      2 brahmanic
      2 brahmajala
      2 brahma
      2 boston
      2 border
      2 bopomofo
      2 bookcmd
      2 boeree
      2 boeddha
      2 bodleian
      2 bodhisattvas
      2 bodhipakkhiy
      2 bodhidharma
      2 bodhicitta
      2 boda
      2 bne
      2 bn
      2 blue
      2 blogs
      2 birthplacebuddha
      2 birch
      2 bhikkhuni
      2 bhavana
      2 bhavacakra
      2 bhante
      2 berzin
      2 bertolucci
      2 bernardo
      2 benares
      2 belonged
      2 belammhaputta
      2 bdkamerica
      2 bbat
      2 bathing
      2 bat
      2 basicteaching
      2 bark
      2 bareau
      2 banishment
      2 balkh
      2 bahasa
      2 awadh
      2 avoid
      2 avatars
      2 avatarbuddha
      2 avalokite
      2 auth
      2 australia
      2 august
      2 attribution
      2 atthadassi
      2 attendant
      2 attaining
      2 atomism
      2 ati
      2 atanatiya
      2 asvauoft
      2 asura
      2 astamahapratiharya
      2 association
      2 aspects
      2 asian
      2 asanga
      2 asalha
      2 arnold
      2 ark
      2 argentina
      2 archaeological
      2 approached
      2 appleton
      2 apostate
      2 anti
      2 anomalies
      2 anomadassi
      2 announced
      2 anicca
      2 angulimala
      2 anapanasati
      2 analayo
      2 anagata
      2 anagarika
      2 ambedkar
      2 amazon
      2 alsdorf
      2 alphabet
      2 alf
      2 aka
      2 ak
      2 ajnana
      2 ajita
      2 ajahn
      2 agree
      2 aged
      2 agamas
      2 african
      2 af
      2 additional
      2 ad
      2 actual
      2 achariyabhuta
      2 accn
      2 academic
      2 ac
      2 abhinickramaga
      2 abhidharma
      2 abandoned
      2 aa
      1 zw
      1 zur
      1 zum
      1 zrvaka
      1 zrmagera
      1 zrmager
      1 zramaga
      1 zkyas
      1 zknyat
      1 zeuws
      1 zenymmitsu
      1 zee
      1 zea
      1 zddhi
      1 zbekcha
      1 zar
      1 youngest
      1 yorb
      1 yo
      1 yi
      1 yesterday
      1 yellow
      1 ycana
      1 yashodhara
      1 yapa
      1 yangon
      1 yakshas
      1 xlvii
      1 xlix
      1 xix
      1 xing
      1 xh
      1 wuu
      1 wrought
      1 wrongly
      1 writings
      1 writers
      1 writer
      1 worthy
      1 worthiness
      1 worshipped
      1 worldly
      1 workable
      1 wonderful
      1 womb
      1 wolof
      1 wolfgang
      1 wo
      1 wizard
      1 wishing
      1 wise
      1 winaray
      1 willard
      1 wiktionary
      1 wiesbaden
      1 whc
      1 whatlinkshere
      1 wezler
      1 welfare
      1 webspace
      1 wealth
      1 weakened
      1 wawrytko
      1 watching
      1 washington
      1 war
      1 walon
      1 wagle
      1 wadsworth
      1 wadegiles
      1 wade
      1 wa
      1 vulture
      1 vthe
      1 vowed
      1 vosa
      1 vopylox
      1 vit
      1 visible
      1 virtual
      1 violently
      1 vincent
      1 vinayapitaka
      1 vijja
      1 viewpoints
      1 vf
      1 vessabhk
      1 vessabh
      1 versions
      1 version
      1 verse
      1 vergano
      1 veracity
      1 veluvana
      1 vayadhamm
      1 vastu
      1 vasani
      1 variants
      1 variant
      1 vam
      1 vakkali
      1 vakaviti
      1 vaka
      1 vajrayna
      1 vahcuengh
      1 vague
      1 vaghoca
      1 vagho
      1 uz
      1 uwpress
      1 uwe
      1 uw
      1 userlogin
      1 uselang
      1 usage
      1 ur
      1 upsik
      1 upsaka
      1 upjlgigf
      1 upbringing
      1 upanishadic
      1 unwin
      1 unveiling
      1 untying
      1 untrained
      1 unsatisfied
      1 unqualified
      1 unported
      1 universitaire
      1 universally
      1 unexcelled
      1 unequivocally
      1 unencumbered
      1 undisciplined
      1 understand
      1 und
      1 uncovered
      1 unconcerned
      1 uncertain
      1 unaware
      1 unattractive
      1 ultimately
      1 ultimate
      1 uhtbin
      1 ugautam
      1 ug
      1 udraka
      1 ud
      1 tyv
      1 tyasamutpda
      1 ty
      1 twentieth
      1 tusks
      1 tushita
      1 turning
      1 tucita
      1 tt
      1 tsan
      1 trke
      1 trips
      1 tripitaka
      1 trikaya
      1 tribe
      1 tribal
      1 trees
      1 treenow
      1 treein
      1 travelled
      1 travel
      1 trapusa
      1 translations
      1 translate
      1 transiency
      1 trainer
      1 trailokya
      1 trademark
      1 tr
      1 tpi
      1 told
      1 tokyo
      1 tok
      1 toggle
      1 today
      1 tmc
      1 tman
      1 tlng
      1 tl
      1 timok
      1 tilman
      1 thursby
      1 throne
      1 thousands
      1 thoughts
      1 thirteenth
      1 thinking
      1 thinkers
      1 thin
      1 thi
      1 thesis
      1 therav
      1 thera
      1 theme
      1 tharpa
      1 tg
      1 tevijjavaccha
      1 tests
      1 tertn
      1 tert
      1 territory
      1 tenth
      1 tended
      1 tend
      1 television
      1 techniques
      1 te
      1 tcevqc
      1 tbf
      1 taylor
      1 taurinensia
      1 tatht
      1 tatara
      1 taphussa
      1 tapes
      1 taoist
      1 talks
      1 takes
      1 taints
      1 tahiti
      1 taghackara
      1 tagalog
      1 sziddh
      1 systems
      1 syst
      1 synthesis
      1 syndrome
      1 symptom
      1 symposien
      1 swzgyahmouzniz
      1 swoyambhu
      1 swelled
      1 sw
      1 svitt
      1 svitr
      1 svenska
      1 sv
      1 sutrapitaka
      1 sussex
      1 sushil
      1 survived
      1 surrounding
      1 surround
      1 sur
      1 supreme
      1 supra
      1 suppress
      1 supposes
      1 superman
      1 superior
      1 suomi
      1 sunda
      1 summarized
      1 sukha
      1 sukaresh
      1 sujta
      1 suj
      1 suggestion
      1 sugato
      1 sugata
      1 sue
      1 sudoc
      1 suddhodna
      1 success
      1 succeeded
      1 subtle
      1 substitution
      1 substantially
      1 substantial
      1 subnotes
      1 su
      1 studybuddhism
      1 studien
      1 student
      1 structured
      1 strove
      1 strongly
      1 strive
      1 street
      1 store
      1 stika
      1 stephen
      1 staying
      1 status
      1 statues
      1 stating
      1 starving
      1 starved
      1 standardization
      1 stand
      1 stalk
      1 sstr
      1 sst
      1 srpskohrvatski
      1 srpski
      1 srnth
      1 sriputta
      1 sramana
      1 sr
      1 spurious
      1 spread
      1 spirit
      1 speculations
      1 speculation
      1 speculating
      1 specialpages
      1 span
      1 space
      1 sowing
      1 southeast
      1 sound
      1 sotpanna
      1 sot
      1 sort
      1 sop
      1 soomaaliga
      1 sonadanda
      1 solar
      1 socanth
      1 sng
      1 smit
      1 smg
      1 smarana
      1 sm
      1 slovena
      1 sloven
      1 slenska
      1 sleep
      1 sl
      1 skya
      1 skt
      1 skilled
      1 skeptical
      1 skeptic
      1 sk
      1 sixty
      1 sixth
      1 sitelinks
      1 sister
      1 sirs
      1 sircar
      1 singh
      1 simran
      1 simply
      1 simi
      1 sik
      1 sig
      1 sidh
      1 sidebar
      1 sidarto
      1 sidartas
      1 sickness
      1 sick
      1 sicilianu
      1 siakjamuni
      1 si
      1 shrines
      1 show
      1 shorea
      1 shop
      1 sho
      1 shkyasimha
      1 shkyamuni
      1 shippensburg
      1 ship
      1 shines
      1 shimoda
      1 shielded
      1 shi
      1 shaves
      1 sharma
      1 sharing
      1 shared
      1 shambhala
      1 shakyan
      1 shaka
      1 sh
      1 sg
      1 seyford
      1 severe
      1 setting
      1 serve
      1 servants
      1 sermons
      1 serial
      1 serene
      1 sequence
      1 separate
      1 sensuality
      1 sensual
      1 senses
      1 senior
      1 selective
      1 seer
      1 seeks
      1 seek
      1 seeds
      1 secularity
      1 seated
      1 seasons
      1 seasonal
      1 searching
      1 se
      1 scrolls
      1 scriptural
      1 scots
      1 sco
      1 scn
      1 sci
      1 schriftfest
      1 scholar
      1 schisms
      1 scepticism
      1 sc
      1 sayings
      1 satthi
      1 satthadeva
      1 satisfying
      1 satisfied
      1 satguru
      1 sarvstivda
      1 sardu
      1 sarathi
      1 saragackara
      1 sara
      1 santivarapadam
      1 sanjaya
      1 sanghas
      1 sandra
      1 sand
      1 samyaksambuddha
      1 samutpada
      1 samukose
      1 sampdeth
      1 sampano
      1 samoa
      1 sammasambuddho
      1 samaaphala
      1 sama
      1 salanc
      1 sal
      1 sakaaaayaaj
      1 saka
      1 saint
      1 sah
      1 safe
      1 saekhr
      1 saegha
      1 sadattho
      1 sacrifices
      1 sacrifice
      1 sabbau
      1 rupert
      1 rupa
      1 rup
      1 runa
      1 rulers
      1 ruler
      1 ruled
      1 rue
      1 ru
      1 rta
      1 rsrmkzozovln
      1 rsqyaqaaqbaj
      1 roughly
      1 rough
      1 rosen
      1 roots
      1 rone
      1 romn
      1 romila
      1 romanticlegendof
      1 romantic
      1 robusta
      1 robinson
      1 roa
      1 ro
      1 rmshi
      1 rmaputra
      1 rjan
      1 river
      1 rival
      1 righteous
      1 riding
      1 revisited
      1 reverend
      1 rev
      1 retrieving
      1 retell
      1 resulting
      1 restricting
      1 responsible
      1 respected
      1 respect
      1 resolve
      1 rescues
      1 rescued
      1 requires
      1 required
      1 republics
      1 representations
      1 representation
      1 represent
      1 replied
      1 reo
      1 rendering
      1 render
      1 remembered
      1 remember
      1 remaining
      1 reluctant
      1 reliability
      1 relented
      1 released
      1 release
      1 relationship
      1 relation
      1 rejecting
      1 reischauer
      1 reincarnation
      1 reigned
      1 registered
      1 region
      1 refused
      1 refreshing
      1 reforms
      1 reflects
      1 reflections
      1 reflection
      1 referred
      1 referer
      1 reference
      1 reeves
      1 redirect
      1 redating
      1 recover
      1 recount
      1 recorded
      1 reconstruct
      1 reconsidered
      1 reconsider
      1 recognized
      1 recognised
      1 recognise
      1 reckoned
      1 recherches
      1 recentchangeslinked
      1 recentchanges
      1 received
      1 reasons
      1 reasoned
      1 reason
      1 realizing
      1 realized
      1 reach
      1 rdf
      1 rcits
      1 rawlinson
      1 rati
      1 rate
      1 rarely
      1 range
      1 randall
      1 ramanic
      1 raja
      1 raised
      1 rainy
      1 rains
      1 rahulavada
      1 radio
      1 qwsucetgvs
      1 quotes
      1 quotations
      1 quit
      1 quintet
      1 questioned
      1 question
      1 quebec
      1 qu
      1 qc
      1 qautama
      1 qarb
      1 pyei
      1 puta
      1 purported
      1 purisa
      1 purgas
      1 purely
      1 purana
      1 pupils
      1 publishing
      1 publisher
      1 pu
      1 ps
      1 prtimokca
      1 providing
      1 proved
      1 protested
      1 protector
      1 protection
      1 proponents
      1 prophets
      1 prophetized
      1 proper
      1 promised
      1 promise
      1 projects
      1 prohibition
      1 programmes
      1 profit
      1 productions
      1 product
      1 proclaimed
      1 process
      1 pritchett
      1 priprahwa
      1 print
      1 princess
      1 princely
      1 primary
      1 prevent
      1 preta
      1 presupposed
      1 preserved
      1 presented
      1 presentations
      1 presence
      1 preparing
      1 prepared
      1 pregnant
      1 preferred
      1 prediction
      1 predicted
      1 predecessors
      1 predecessor
      1 precursor
      1 preceding
      1 preached
      1 pratitya
      1 pramit
      1 prakashan
      1 prajna
      1 praises
      1 praise
      1 practising
      1 practised
      1 practicing
      1 pr
      1 powerful
      1 powered
      1 posting
      1 postgraduate
      1 post
      1 possessing
      1 possess
      1 positive
      1 positions
      1 portugus
      1 popularly
      1 popular
      1 polski
      1 politics
      1 political
      1 poj
      1 poisoning
      1 poet
      1 pnrhec
      1 pnb
      1 pms
      1 ploughing
      1 pleasing
      1 plattdtsch
      1 plato
      1 plates
      1 plants
      1 planes
      1 pl
      1 pkraga
      1 pisin
      1 pipal
      1 pimaka
      1 pillar
      1 pillai
      1 piemontis
      1 pid
      1 pi
      1 philosophies
      1 peter
      1 person
      1 permanent
      1 perishable
      1 periphery
      1 perfectly
      1 perfections
      1 perfection
      1 perfected
      1 perera
      1 peak
      1 peace
      1 pe
      1 pay
      1 pavacsa
      1 patrick
      1 patricia
      1 patriarch
      1 patois
      1 passim
      1 passed
      1 pass
      1 pasine
      1 parvat
      1 parts
      1 partly
      1 parks
      1 park
      1 pariyesati
      1 pariyesamano
      1 paris
      1 paribbjaka
      1 parents
      1 papiamentu
      1 pap
      1 panorama
      1 panna
      1 pankara
      1 pandavleni
      1 palaces
      1 painless
      1 painful
      1 paggsaka
      1 paadika
      1 overview
      1 overpowered
      1 overcome
      1 outlines
      1 ousman
      1 ots
      1 ostasiatische
      1 os
      1 orion
      1 orientations
      1 organization
      1 ordination
      1 ordinary
      1 ordain
      1 optimism
      1 opinions
      1 opinion
      1 opensearch
      1 openness
      1 oneworld
      1 omniscient
      1 omitting
      1 omens
      1 olo
      1 olivelle
      1 oligarch
      1 older
      1 okkka
      1 oj
      1 offerings
      1 offer
      1 odhar
      1 oct
      1 occurred
      1 occupation
      1 occitan
      1 occasions
      1 oc
      1 obtain
      1 obsessed
      1 nynorsk
      1 nut
      1 nusm
      1 numata
      1 ntaputta
      1 nrm
      1 nrada
      1 nov
      1 nouvel
      1 noting
      1 notices
      1 noticed
      1 noted
      1 nobles
      1 nn
      1 nl
      1 nkp
      1 nkc
      1 nj
      1 nirvna
      1 nirvga
      1 nikya
      1 nikayic
      1 nik
      1 night
      1 nicholson
      1 nibbna
      1 nibbiinam
      1 nibbana
      1 ngs
      1 nglisc
      1 nfpcagaaqbaj
      1 neighbouring
      1 negative
      1 nederlands
      1 necessitates
      1 ne
      1 nds
      1 ndlna
      1 ndh
      1 navlinks
      1 natural
      1 nationalgeographic
      1 nationale
      1 nathan
      1 nataputta
      1 nastika
      1 narrator
      1 narrative
      1 narendra
      1 naras
      1 naraka
      1 napulitano
      1 nap
      1 naohagaaqbaj
      1 nanamoli
      1 nan
      1 naming
      1 namespaces
      1 nagendra
      1 nacional
      1 mythological
      1 mytalk
      1 mystical
      1 mylanguage
      1 mydev
      1 mycontributions
      1 mx
      1 mwl
      1 mw
      1 muslims
      1 mushroom
      1 murderers
      1 munshiram
      1 muller
      1 mukham
      1 muffled
      1 mu
      1 mt
      1 movements
      1 mountain
      1 motivated
      1 morality
      1 moon
      1 monuments
      1 montreal
      1 monasteries
      1 monarchies
      1 monarch
      1 moment
      1 moggallna
      1 modified
      1 modernity
      1 moderation
      1 mobileaction
      1 mng
      1 mller
      1 mk
      1 mjx
      1 mj
      1 mittal
      1 missing
      1 missal
      1 miscellaneous
      1 mirands
      1 miraculously
      1 miraculous
      1 minutes
      1 minority
      1 ministry
      1 minding
      1 minangkabau
      1 millennium
      1 military
      1 midday
      1 mid
      1 michel
      1 michael
      1 mi
      1 mg
      1 meyer
      1 methodological
      1 method
      1 met
      1 merchant
      1 menu
      1 mentions
      1 mentioning
      1 mentioned
      1 memorized
      1 members
      1 melayu
      1 melanges
      1 meet
      1 medium
      1 medieval
      1 medicine
      1 medhackara
      1 medha
      1 meat
      1 meaning
      1 mealac
      1 md
      1 mccunereischauer
      1 mccune
      1 mc
      1 maurice
      1 matter
      1 materials
      1 masters
      1 masahiro
      1 marvellous
      1 martyrology
      1 marry
      1 mark
      1 march
      1 map
      1 manussanam
      1 manual
      1 mantras
      1 manoharlal
      1 manifestations
      1 mandir
      1 mandarin
      1 malti
      1 maligawa
      1 males
      1 malagasy
      1 mala
      1 majority
      1 maintained
      1 mainstream
      1 mainland
      1 mai
      1 mahvira
      1 mahvacsa
      1 mahscghika
      1 mahsaccakasutta
      1 mahpuruca
      1 mahparinirvga
      1 mahparinibbna
      1 mahpadna
      1 mahkassapa
      1 mahkaccana
      1 mahavana
      1 mahavamsa
      1 mahapadana
      1 mahamoggallna
      1 mahamassata
      1 magyar
      1 maegala
      1 madhyamaklackra
      1 madhyamak
      1 madan
      1 macmillan
      1 macdonell
      1 lv
      1 lunar
      1 lumbei
      1 lumbaart
      1 ltzebuergesch
      1 lt
      1 ls
      1 lpg
      1 loving
      1 loosened
      1 lokottaravda
      1 lokottarav
      1 lokayata
      1 lokavidu
      1 lojban
      1 logical
      1 logged
      1 log
      1 locations
      1 loc
      1 lmo
      1 lm
      1 livvinkarjala
      1 living
      1 livelihood
      1 liturgical
      1 listeners
      1 listed
      1 lion
      1 linear
      1 lij
      1 ligure
      1 lifeofbuddhaearl
      1 lifebuddha
      1 lietuvis
      1 liberated
      1 lib
      1 levels
      1 leurs
      1 len
      1 legitimacy
      1 legends
      1 legacy
      1 lectures
      1 learned
      1 leader
      1 lbud
      1 lb
      1 laywomen
      1 laymen
      1 latvieau
      1 latina
      1 latex
      1 lant
      1 lanham
      1 lakshman
      1 lakkhaga
      1 laity
      1 laghulavade
      1 ladies
      1 lacks
      1 kyokai
      1 kyamuni
      1 ky
      1 kw
      1 kunst
      1 kshatriyas
      1 kr
      1 kotama
      1 kosei
      1 kondanna
      1 kondaa
      1 koli
      1 koggamana
      1 kog
      1 kobo
      1 knowledges
      1 knots
      1 knew
      1 kman
      1 km
      1 klma
      1 klaus
      1 kk
      1 kitagawa
      1 kiswahili
      1 kinship
      1 kings
      1 kind
      1 kimkusalagavesi
      1 kilometres
      1 khoten
      1 khazibui
      1 kha
      1 kfyzaaaaqbaj
      1 key
      1 kevin
      1 kesakambali
      1 kesakambal
      1 kernowek
      1 kelsang
      1 kegan
      1 kb
      1 katyayana
      1 kassaya
      1 kasaya
      1 karug
      1 karl
      1 karita
      1 kapilesvara
      1 kapilavatthu
      1 kanda
      1 kammammhna
      1 kalupahana
      1 kaludayi
      1 kaleidoscope
      1 kaccyana
      1 kaccayana
      1 ka
      1 jw
      1 jv
      1 jungles
      1 june
      1 jun
      1 jump
      1 july
      1 juliane
      1 jul
      1 jujube
      1 judaism
      1 jtakas
      1 jp
      1 journeyed
      1 joseph
      1 jj
      1 jinendra
      1 jina
      1 jhna
      1 jhana
      1 jh
      1 jewish
      1 jens
      1 jc
      1 jbo
      1 jawa
      1 january
      1 jam
      1 jains
      1 jainismus
      1 jahxbja
      1 ja
      1 iv
      1 items
      1 item
      1 itc
      1 italiano
      1 issue
      1 iso
      1 islamic
      1 isixhosa
      1 iplayer
      1 iodasaph
      1 io
      1 invention
      1 introductory
      1 introduces
      1 introd
      1 interprtation
      1 interpreted
      1 interpretative
      1 interlingua
      1 intercourse
      1 interaction
      1 intention
      1 intent
      1 intended
      1 intellectual
      1 integrated
      1 intake
      1 instructed
      1 instance
      1 installed
      1 inspire
      1 insights
      1 inscriptions
      1 ingrained
      1 informed
      1 influenced
      1 infant
      1 indological
      1 indo
      1 indic
      1 indians
      1 indiannepalese
      1 indaratana
      1 incrementally
      1 increasing
      1 included
      1 impossible
      1 implications
      1 impending
      1 impelled
      1 immortality
      1 immortal
      1 immediately
      1 ilokano
      1 ilo
      1 ill
      1 ikcvku
      1 iii
      1 idref
      1 ido
      1 ideology
      1 ideal
      1 icq
      1 ica
      1 ialkabiyv
      1 hz
      1 hypothesis
      1 hypocritical
      1 hymns
      1 hymn
      1 hy
      1 hungry
      1 humanistic
      1 humanism
      1 hugh
      1 hu
      1 hs
      1 hrvatski
      1 hr
      1 hqoaagaaqbaj
      1 hooves
      1 homogeneity
      1 hold
      1 historischen
      1 historiography
      1 historic
      1 hinueber
      1 hing
      1 hindi
      1 himalayas
      1 himalaya
      1 high
      1 hif
      1 hierarchical
      1 hide
      1 hf
      1 hey
      1 heterodox
      1 hesitant
      1 herring
      1 herberman
      1 helps
      1 hell
      1 helen
      1 hedonism
      1 heard
      1 harm
      1 hard
      1 happiness
      1 hans
      1 handsome
      1 han
      1 hairs
      1 gyi
      1 gvawv
      1 guaranteed
      1 guangdong
      1 guang
      1 gth
      1 gs
      1 grown
      1 growing
      1 griddhraj
      1 greed
      1 grasp
      1 grantha
      1 granted
      1 gottingen
      1 gotamo
      1 gotaama
      1 gosla
      1 gosala
      1 gopinath
      1 gootama
      1 goods
      1 goldsmith
      1 gold
      1 godlike
      1 gndhr
      1 glitters
      1 glfcjtkhnlyc
      1 gl
      1 giving
      1 giles
      1 gidhlig
      1 gi
      1 ghost
      1 ghosha
      1 ghika
      1 gere
      1 georgian
      1 geographically
      1 genius
      1 genesis
      1 gedenkschrift
      1 gd
      1 gbs
      1 gautamas
      1 gautam
      1 gathered
      1 gatha
      1 gata
      1 ganwaria
      1 ganges
      1 gandhra
      1 gandh
      1 gana
      1 gan
      1 gamoli
      1 gamas
      1 gamana
      1 galego
      1 gala
      1 gained
      1 gagana
      1 fy
      1 funrailles
      1 funerals
      1 fundraiserredirector
      1 fundamental
      1 function
      1 func
      1 ftu
      1 frysk
      1 fruit
      1 froyskt
      1 frontier
      1 friends
      1 friend
      1 frequently
      1 francaise
      1 franais
      1 framework
      1 founder
      1 foster
      1 foshohingtsankin
      1 forty
      1 formulations
      1 formulas
      1 forms
      1 forests
      1 force
      1 footsteps
      1 footnote
      1 focuses
      1 flourishing
      1 flora
      1 flood
      1 fj
      1 fixed
      1 fiu
      1 fits
      1 fires
      1 findings
      1 fiji
      1 fig
      1 fifty
      1 fifteen
      1 fi
      1 fh
      1 fetter
      1 females
      1 feet
      1 feature
      1 feast
      1 fears
      1 fear
      1 fbdoaqhamaq
      1 favoured
      1 fausbll
      1 farer
      1 fantasy
      1 famous
      1 families
      1 falling
      1 failed
      1 facts
      1 fact
      1 facsimile
      1 fa
      1 eye
      1 extremely
      1 extracts
      1 extinguishing
      1 extensive
      1 ext
      1 expression
      1 expounding
      1 export
      1 explanatory
      1 explanation
      1 explained
      1 explain
      1 expertise
      1 experience
      1 exists
      1 existing
      1 existential
      1 exhaustive
      1 exemplary
      1 excavations
      1 examined
      1 examination
      1 evolved
      1 ev
      1 euskara
      1 eugene
      1 eugen
      1 eu
      1 ethical
      1 eternal
      1 etapes
      1 estremeu
      1 estimates
      1 establishing
      1 essay
      1 essai
      1 esperanto
      1 espaol
      1 espa
      1 esoteric
      1 errors
      1 er
      1 equal
      1 eo
      1 entry
      1 entries
      1 enter
      1 ensured
      1 eng
      1 energy
      1 endowed
      1 endless
      1 ended
      1 encyclopaedia
      1 encountered
      1 emptiness
      1 empires
      1 emergence
      1 emaitaka
      1 emaciated
      1 elgiriye
      1 elements
      1 elaborated
      1 el
      1 eighth
      1 ei
      1 egc
      1 egalitarian
      1 efforts
      1 effort
      1 eesti
      1 educational
      1 editions
      1 edition
      1 edge
      1 ebchecked
      1 eatina
      1 eaten
      1 easily
      1 earthly
      1 earth
      1 earlyhistoryofi
      1 dz
      1 dynasty
      1 dying
      1 dwelling
      1 dwc
      1 dvd
      1 due
      1 dual
      1 dsb
      1 drowned
      1 dreamt
      1 drawn
      1 draw
      1 drama
      1 dr
      1 dp
      1 doz
      1 download
      1 doubt
      1 dominant
      1 domain
      1 dolnoserbski
      1 documentation
      1 dna
      1 dknwcgaaqbaj
      1 division
      1 divided
      1 diverse
      1 distinguished
      1 dispute
      1 dismissed
      1 diseased
      1 disease
      1 discusses
      1 discriminating
      1 discovering
      1 discovered
      1 disclaimers
      1 disclaimer
      1 discipline
      1 disagreement
      1 director
      1 directed
      1 dipavamsa
      1 dipankara
      1 diligence
      1 difficulty
      1 diet
      1 dialects
      1 dialectical
      1 dharmafarers
      1 dhammatalks
      1 devices
      1 deviant
      1 developers
      1 devadas
      1 deutsch
      1 determined
      1 detachment
      1 destined
      1 desist
      1 desired
      1 descendant
      1 desc
      1 derived
      1 deprivation
      1 depressed
      1 depict
      1 deny
      1 denis
      1 denied
      1 dendo
      1 demonstrate
      1 demons
      1 delivering
      1 delivered
      1 deliver
      1 delight
      1 delegations
      1 delegation
      1 delegates
      1 deify
      1 dehli
      1 degree
      1 degraff
      1 deftly
      1 definite
      1 deer
      1 deep
      1 decision
      1 decease
      1 decaying
      1 debated
      1 debate
      1 deathless
      1 dealing
      1 ddhi
      1 dda
      1 daviuoft
      1 datierung
      1 dansk
      1 dans
      1 dan
      1 damma
      1 dalada
      1 daily
      1 czech
      1 cz
      1 cymraeg
      1 cy
      1 curzon
      1 culturally
      1 culminates
      1 crvka
      1 crucible
      1 critical
      1 creates
      1 created
      1 createaccount
      1 couples
      1 countenance
      1 corsu
      1 corroborated
      1 corresponds
      1 correspond
      1 corpse
      1 copyright
      1 copied
      1 cooking
      1 convinced
      1 convince
      1 controversy
      1 contributions
      1 contributed
      1 contribute
      1 contrary
      1 continued
      1 context
      1 contemporary
      1 contemporaries
      1 contemplation
      1 containsviafid
      1 contained
      1 consumed
      1 constantly
      1 console
      1 considerable
      1 consciousness
      1 congress
      1 conformity
      1 conflicting
      1 confident
      1 confidence
      1 confederacy
      1 conduct
      1 conditioned
      1 condition
      1 concerned
      1 concern
      1 concentration
      1 concentrated
      1 con
      1 composite
      1 component
      1 complex
      1 completely
      1 completed
      1 compassion
      1 compare
      1 comparative
      1 company
      1 communication
      1 commonly
      1 committed
      1 commentator
      1 commentary
      1 commentaries
      1 commemorates
      1 colorful
      1 colony
      1 college
      1 collection
      1 collected
      1 collapsed
      1 coincided
      1 codified
      1 coast
      1 clothing
      1 cloth
      1 closest
      1 clearer
      1 cleared
      1 classified
      1 classical
      1 clasquin
      1 clarify
      1 claim
      1 ckb
      1 citethispage
      1 cites
      1 citerefwynne
      1 citerefwilliams
      1 citerefwillemen
      1 citerefweise
      1 citerefwayman
      1 citerefwalsh
      1 citerefwaley
      1 citerefvon
      1 citerefupadhyaya
      1 citereftwitchett
      1 citerefturpie
      1 citereftuladhar
      1 citereftripathy
      1 citereftrainor
      1 citerefthapar
      1 citerefswearer
      1 citerefstrong
      1 citerefsmith
      1 citerefshults
      1 citerefschober
      1 citerefsamuels
      1 citerefsamuel
      1 citerefruegg
      1 citerefprebish
      1 citerefmoh
      1 citerefmettanando
      1 citerefmershman
      1 citerefmalalasekera
      1 citerefmah
      1 citerefmacdonnel
      1 citerefkeownprebish
      1 citerefkatz
      1 citerefkaretzky
      1 citerefkala
      1 citerefjong
      1 citerefjayatilleke
      1 citerefhiltebeitel
      1 citerefhamilton
      1 citerefgyatso
      1 citerefgrubin
      1 citerefgopal
      1 citereffowler
      1 citerefflood
      1 citerefepstein
      1 citerefeade
      1 citerefdundas
      1 citerefdhammika
      1 citerefdavidson
      1 citerefcowell
      1 citerefcousins
      1 citerefconze
      1 citerefcollins
      1 citerefbuswell
      1 citerefbechert
      1 citerefbaroni
      1 citerefanderson
      1 church
      1 chronicles
      1 christian
      1 chosen
      1 chinois
      1 child
      1 cheq
      1 cheo
      1 charvaka
      1 charioteer
      1 characterized
      1 character
      1 chant
      1 chandaso
      1 championed
      1 chairman
      1 cgi
      1 cgboer
      1 ceremony
      1 celebrations
      1 celebrated
      1 cebuano
      1 ceb
      1 cdo
      1 ccl
      1 caves
      1 cautious
      1 caution
      1 causing
      1 catalogue
      1 catalogo
      1 catal
      1 career
      1 carana
      1 capacity
      1 canoniques
      1 cannibals
      1 campaign
      1 cam
      1 calmed
      1 calendrical
      1 cakradhara
      1 cadaver
      1 caa
      1 byles
      1 bxr
      1 bw
      1 bvvfbqaaqbaj
      1 buuda
      1 burlingame
      1 burden
      1 bulb
      1 bukkyo
      1 built
      1 budo
      1 buddho
      1 buddhnusm
      1 buddhistbirth
      1 buddhismusforschung
      1 buddhismus
      1 buddhaintro
      1 buddhaghoca
      1 buddh
      1 bu
      1 bstan
      1 bs
      1 bruhn
      1 brought
      1 brother
      1 broadcasting
      1 brezhoneg
      1 brett
      1 branches
      1 brahmanism
      1 bowl
      1 boundary
      1 boundaries
      1 bouddhiques
      1 bouda
      1 bosanski
      1 bookreader
      1 bokml
      1 bodies
      1 bodhipakkhiydhamm
      1 bodhigara
      1 bo
      1 bms
      1 blog
      1 blissful
      1 blessed
      1 blazes
      1 blacksmith
      1 bl
      1 bkdhasaf
      1 bkah
      1 bk
      1 bit
      1 bislama
      1 birthmarks
      1 biographiedu
      1 bikol
      1 biblioth
      1 biblioteca
      1 bibliography
      1 bibliographical
      1 bible
      1 bi
      1 bho
      1 bhikku
      1 bhikkhus
      1 bhayani
      1 bhallika
      1 bhagwn
      1 bhagavathi
      1 bhagavat
      1 bhagavan
      1 bhagavadgita
      1 bhagav
      1 bha
      1 bh
      1 bg
      1 berkeley
      1 ber
      1 beneficial
      1 beneath
      1 belonging
      1 belmont
      1 believing
      1 beliefs
      1 belief
      1 belatthaputta
      1 beholder
      1 behavior
      1 beginnings
      1 begging
      1 beautiful
      1 beaten
      1 beads
      1 bcl
      1 baso
      1 base
      1 barnstone
      1 banyumasan
      1 bamboo
      1 bahalika
      1 bah
      1 baby
      1 azyrbaycanca
      1 azb
      1 az
      1 avoided
      1 avidy
      1 autumn
      1 authors
      1 authoritybrowse
      1 authorities
      1 authenticity
      1 aut
      1 austerities
      1 aunt
      1 aue
      1 audiobooks
      1 atthavasa
      1 attempt
      1 atman
      1 ate
      1 asva
      1 asturianu
      1 ast
      1 assumed
      1 asserted
      1 assert
      1 asin
      1 asiatic
      1 ashvaghosa
      1 ashva
      1 arz
      1 aryan
      1 arttitle
      1 artery
      1 arrogance
      1 arranged
      1 army
      1 armneashti
      1 ariyavasa
      1 ariyavamsa
      1 arise
      1 arihant
      1 arhatformula
      1 argument
      1 arguing
      1 argues
      1 argue
      1 archaeology
      1 archaeologists
      1 archaeologist
      1 arc
      1 araham
      1 aragons
      1 arabic
      1 apply
      1 applied
      1 appears
      1 appearances
      1 apparently
      1 appamdena
      1 app
      1 aphala
      1 anuttaro
      1 anuttaramyagakkhemam
      1 anuttaram
      1 anussati
      1 anuppatta
      1 antman
      1 annihilation
      1 annexed
      1 anmol
      1 anlayo
      1 anitya
      1 animals
      1 angmi
      1 ang
      1 android
      1 andre
      1 andr
      1 ancientnepal
      1 anciens
      1 ancien
      1 anatt
      1 analysis
      1 ana
      1 amitbha
      1 amit
      1 america
      1 ambiguity
      1 ambattha
      1 ambammha
      1 amata
      1 alternate
      1 altar
      1 als
      1 allen
      1 alleged
      1 aliya
      1 alex
      1 aleph
      1 alemannisch
      1 album
      1 albrecht
      1 ajivaka
      1 ajit
      1 ajatasatru
      1 ajasattu
      1 ajana
      1 aj
      1 aim
      1 aids
      1 ahukewjsr
      1 ahbi
      1 agrees
      1 aging
      1 aggregates
      1 aggihuttamukh
      1 ages
      1 afrikan
      1 afrikaans
      1 aewdq
      1 advice
      1 advanced
      1 adornment
      1 adoptive
      1 adjusted
      1 adherents
      1 addressed
      1 acts
      1 acquisition
      1 acquainted
      1 achieves
      1 achieved
      1 accomplish
      1 accepting
      1 accept
      1 abstract
      1 abode
      1 ability
      1 abilities
      1 abandon
      1 ab
      1 
