   2009 file
   1400 wiki
    687 html
    679 home
    676 webclassif
    676 tj
    676 ds
    676 desktop
    513 cite
    406 buddha
    300 http
    296 note
    265 buddhism
    256 ref
    253 org
    224 wikipedia
    184 gautama
    158 buddhist
     88 wa
     71 pdf
     68 articl
     65 categori
     53 web
     53 special
     53 siddhartha
     53 localhost
     52 text
     50 www
     48 titl
     45 php
     44 archiv
     43 earli
     42 india
     42 index
     41 sutta
     41 book
     40 tradit
     40 life
     40 jpg
     37 isbn
     37 intern
     37 book
     36 teach
     36 standard
     36 pp
     36 number
     36 nobl
     36 footnotevett
     36 canon
     35 booksourc
     35 birth
     34 truth
     34 sourc
     34 footnotebronkhorst
     33 thi
     33 histori
     33 ar
     33 accord
     32 pali
     32 page
     30 languag
     29 mai
     28 action
     27 nepal
     27 insight
     27 enlighten
     27 edit
     27 centuri
     26 religion
     26 lumbini
     26 bce
     25 indian
     25 en
     24 path
     24 ed
     23 origin
     23 medit
     23 liber
     23 histor
     23 discipl
     23 death
     23 date
     22 vetter
     22 templ
     22 sanskrit
     22 sangha
     22 relic
     22 googl
     22 dharma
     22 dai
     21 time
     21 retriev
     21 practic
     21 nikaya
     21 id
     21 birthplac
     21 biographi
     21 ancient
     20 kapilavastu
     20 footnotegombrich
     19 year
     19 redlink
     19 depict
     19 chines
     19 buddhist
     18 wai
     18 univers
     18 link
     18 king
     18 awaken
     17 siddhrtha
     17 press
     17 place
     17 philosophi
     17 norman
     17 maya
     17 de
     17 citat
     16 search
     16 school
     16 london
     16 list
     16 identifi
     16 ha
     16 footnoteward
     16 earliest
     16 bronkhorst
     15 studi
     15 sri
     15 middl
     15 journal
     15 gombrich
     15 follow
     15 develop
     15 buddha
     15 bodhisattva
     14 routledg
     14 physic
     14 oldest
     14 mother
     14 kushinagar
     14 great
     14 footnotenorman
     14 footnotenarada
     14 descript
     14 cs
     14 bodhi
     13 world
     13 ten
     13 present
     13 novemb
     13 nirvana
     13 motil
     13 main
     13 mahayana
     13 hinduism
     13 father
     13 date
     13 characterist
     13 believ
     13 becom
     13 banarsidass
     12 warder
     12 theravada
     12 thei
     12 templat
     12 sn
     12 sacr
     12 public
     12 part
     12 la
     12 format
     12 eightfold
     12 content
     12 ce
     12 born
     12 becam
     12 author
     11 wheel
     11 taught
     11 talk
     11 statement
     11 son
     11 societi
     11 shakya
     11 sarnath
     11 richard
     11 portal
     11 philosoph
     11 parinirvana
     11 museum
     11 mark
     11 maha
     11 lanka
     11 dure
     11 decemb
     11 ca
     11 brahman
     11 art
     11 arah
     11 ag
     10 tibetan
     10 teacher
     10 svg
     10 suffer
     10 scriptur
     10 scholar
     10 roman
     10 religi
     10 relat
     10 pli
     10 pig
     10 peopl
     10 na
     10 mani
     10 kingdom
     10 howev
     10 gener
     10 footnotesamuel
     10 footnotehuntington
     10 famili
     10 exist
     10 encyclopedia
     10 detail
     10 common
     10 citerefvett
     10 bihar
     10 ashoka
     10 ascet
     10 ananda
      9 wikimedia
      9 tree
      9 translat
      9 tradit
      9 stupa
      9 state
      9 siddharta
      9 sariputta
      9 sa
      9 realm
      9 read
      9 ra
      9 pa
      9 oxford
      9 net
      9 manuscript
      9 magadha
      9 kassapa
      9 kalama
      9 human
      9 fr
      9 film
      9 di
      9 dhamma
      9 cultur
      9 buda
      9 asita
      9 afghanistan
      9 accept
      8 xxi
      8 xv
      8 wikisourc
      8 wikiquot
      8 west
      8 virtu
      8 uttar
      8 unsourc
      8 unknown
      8 travel
      8 topic
      8 tooth
      8 term
      8 sutra
      8 stori
      8 state
      8 shrine
      8 shakyamuni
      8 schmithausen
      8 samuel
      8 republ
      8 regard
      8 refer
      8 rebirth
      8 rahula
      8 pradesh
      8 pilgrimag
      8 pg
      8 period
      8 outlin
      8 movement
      8 modern
      8 meal
      8 maudgalyayana
      8 maitreya
      8 knowledg
      8 internet
      8 gotama
      8 gaya
      8 foremost
      8 footnoteschmithausen
      8 footnoteb
      8 east
      8 dhyana
      8 concept
      8 common
      8 burmes
      8 buddhahood
      8 bodh
      8 bhikkhu
      8 alara
      8 access
      7 work
      7 word
      7 walei
      7 vol
      7 view
      7 tra
      7 thought
      7 thailand
      7 subject
      7 sever
      7 record
      7 prebish
      7 palm
      7 palac
      7 onli
      7 narada
      7 nanda
      7 mind
      7 majjhima
      7 mahvastu
      7 lopez
      7 leaf
      7 lao
      7 korean
      7 kaundinya
      7 josaphat
      7 includ
      7 idea
      7 htm
      7 god
      7 gave
      7 empir
      7 emperor
      7 eastern
      7 dukkha
      7 digha
      7 departur
      7 delhi
      7 cremat
      7 cousin
      7 countri
      7 clear
      7 bimbisara
      7 beal
      7 asia
      7 account
      6 zen
      6 york
      6 xxxvii
      6 xxx
      6 xxviii
      6 written
      6 wikimediafound
      6 weasel
      6 von
      6 vinaya
      6 vedic
      6 unesco
      6 uk
      6 tilaurakot
      6 thai
      6 term
      6 suggest
      6 suddhodana
      6 sermon
      6 rtha
      6 royal
      6 reflect
      6 reason
      6 ramaputta
      6 question
      6 puja
      6 protect
      6 princ
      6 prajnaparamita
      6 posit
      6 piprahwa
      6 orient
      6 omnisci
      6 offer
      6 natur
      6 nation
      6 monastic
      6 mn
      6 master
      6 mantra
      6 man
      6 major
      6 lord
      6 locat
      6 local
      6 live
      6 literatur
      6 lineag
      6 light
      6 librari
      6 li
      6 lama
      6 kshatriya
      6 karma
      6 jpeg
      6 join
      6 johann
      6 jainism
      6 jain
      6 introduct
      6 insid
      6 inform
      6 inconsist
      6 hartmann
      6 hair
      6 govern
      6 gnostic
      6 foundat
      6 form
      6 footnotewalsh
      6 footnoteschumann
      6 footnotenakamura
      6 footnotekeownprebish
      6 footnotedhammika
      6 footnotecousin
      6 footnotecarrith
      6 footnoteanderson
      6 food
      6 final
      6 event
      6 donald
      6 doi
      6 document
      6 da
      6 creator
      6 council
      6 citerefgombrich
      6 citerefbronkhorst
      6 chief
      6 call
      6 buddhacarita
      6 budda
      6 britannica
      6 brahmin
      6 bodi
      6 birthdai
      6 bechert
      6 bc
      6 attain
      6 astasahasrika
      6 arhat
      6 ahandfulofleav
      6 agre
      6 addit
      6 accesstoinsight
      5 zuddhodana
      5 write
      5 women
      5 walsh
      5 visit
      5 vii
      5 victori
      5 viaf
      5 veri
      5 transl
      5 tilmann
      5 ti
      5 theravda
      5 theravadin
      5 theori
      5 tale
      5 ta
      5 surviv
      5 stage
      5 specif
      5 sktra
      5 siddhattha
      5 siddh
      5 septemb
      5 seek
      5 samadhi
      5 sage
      5 research
      5 renunci
      5 remain
      5 rajagaha
      5 prophet
      5 project
      5 polici
      5 piya
      5 person
      5 pass
      5 nepali
      5 narain
      5 month
      5 monk
      5 miracl
      5 mention
      5 mahavira
      5 mahaparinibbana
      5 mahapajapati
      5 logo
      5 lifetim
      5 librivox
      5 left
      5 kosala
      5 journei
      5 jataka
      5 ix
      5 isni
      5 islam
      5 indonesia
      5 imag
      5 ident
      5 iconographi
      5 holi
      5 heinz
      5 heaven
      5 gutenberg
      5 gethin
      5 german
      5 gandhara
      5 futur
      5 flap
      5 extrem
      5 era
      5 edict
      5 doctrin
      5 dn
      5 discours
      5 digit
      5 devot
      5 describ
      5 david
      5 cosmolog
      5 core
      5 consid
      5 commun
      5 collect
      5 clan
      5 claim
      5 citerefnorman
      5 citerefnarada
      5 cite
      5 christian
      5 charl
      5 chapter
      5 channa
      5 ch
      5 capit
      5 cambridg
      5 buddhanet
      5 buddhaghosa
      5 bnf
      5 bengali
      5 bbc
      5 attribut
      5 associ
      5 asoka
      5 ascetic
      5 armstrong
      5 approach
      5 anuruddha
      5 anim
      5 andrew
      5 ahmadiyya
      4 zh
      4 yogi
      4 yasa
      4 yaksha
      4 ya
      4 worship
      4 william
      4 western
      4 vishnu
      4 vipassana
      4 vietnames
      4 victoria
      4 vesak
      4 vegetarian
      4 veda
      4 variou
      4 varanasi
      4 vajrapani
      4 url
      4 upload
      4 upali
      4 unit
      4 unifi
      4 uni
      4 understand
      4 udaka
      4 train
      4 tipitaka
      4 timelin
      4 taiwan
      4 sutra
      4 surround
      4 strong
      4 statu
      4 stai
      4 st
      4 srivastava
      4 south
      4 soft
      4 social
      4 smith
      4 skilton
      4 site
      4 sight
      4 sidarta
      4 shramana
      4 semi
      4 secular
      4 season
      4 schumann
      4 scene
      4 sandaka
      4 sai
      4 russia
      4 ronald
      4 return
      4 report
      4 reign
      4 real
      4 reach
      4 ramaga
      4 rama
      4 radiant
      4 queen
      4 pure
      4 punna
      4 publish
      4 probabl
      4 privaci
      4 princip
      4 princeton
      4 plant
      4 phrase
      4 persecut
      4 pajapati
      4 orissa
      4 order
      4 oratorio
      4 onlin
      4 oligarchi
      4 oldid
      4 nun
      4 noth
      4 northern
      4 nichiren
      4 neumann
      4 navayana
      4 natgeo
      4 nakamura
      4 myanmar
      4 move
      4 motif
      4 mongolia
      4 monasteri
      4 min
      4 mettanando
      4 media
      4 mathura
      4 materi
      4 marriag
      4 mara
      4 mani
      4 malla
      4 maint
      4 mahakasyapa
      4 mahajanapada
      4 mahabodhi
      4 mah
      4 luzac
      4 logic
      4 live
      4 littl
      4 licens
      4 legend
      4 le
      4 laozi
      4 jpt
      4 jewel
      4 japanes
      4 japan
      4 inscript
      4 influenc
      4 indefinit
      4 imperman
      4 huntington
      4 hinayana
      4 hin
      4 held
      4 greco
      4 good
      4 goldenbowl
      4 goal
      4 gnd
      4 glossari
      4 georg
      4 geoffrei
      4 funer
      4 full
      4 french
      4 fourth
      4 founder
      4 footprint
      4 footnotesrivastava
      4 footnoteskilton
      4 footnotenarain
      4 footnotelopez
      4 footnotelaumaki
      4 footnotekaretzki
      4 footnotejon
      4 footnotejanet
      4 footnotehartmann
      4 footnotegyatso
      4 footnotegethin
      4 footnotebaroni
      4 footnotearmstrong
      4 find
      4 figur
      4 fals
      4 extra
      4 exampl
      4 evid
      4 ethic
      4 essai
      4 engag
      4 elect
      4 dq
      4 disambigu
      4 dhy
      4 dharmaguptaka
      4 dhammika
      4 dhammapada
      4 devi
      4 descent
      4 davidson
      4 current
      4 contact
      4 concern
      4 complet
      4 citerefward
      4 citerefb
      4 circa
      4 carrith
      4 candi
      4 cambodia
      4 brill
      4 brahm
      4 br
      4 borobudur
      4 biograph
      4 bhutan
      4 began
      4 befor
      4 befeo
      4 basic
      4 base
      4 barlaam
      4 awai
      4 avatar
      4 autogener
      4 assaji
      4 arthur
      4 architectur
      4 ar
      4 anthoni
      4 ani
      4 anguttara
      4 anderson
      4 anatta
      4 altern
      4 alm
      4 albert
      4 abhij
      3 yoga
      3 yasodhara
      3 xxxvi
      3 xxxv
      3 xxxiv
      3 xxvi
      3 xii
      3 worldcat
      3 work
      3 wordpress
      3 word
      3 wisdom
      3 wikidata
      3 white
      3 wesak
      3 weis
      3 warrior
      3 vow
      3 villag
      3 viii
      3 vihara
      3 ven
      3 vassa
      3 varna
      3 vandenhoeck
      3 vajrayana
      3 utm
      3 uddhodana
      3 tw
      3 truffl
      3 true
      3 transcript
      3 tran
      3 trace
      3 time
      3 thu
      3 threefold
      3 teach
      3 tantra
      3 tan
      3 suukaramaddava
      3 suukara
      3 supernatur
      3 stress
      3 spiritu
      3 spent
      3 specul
      3 southern
      3 sought
      3 sometim
      3 softwar
      3 skandha
      3 site
      3 simpl
      3 set
      3 seri
      3 selibr
      3 select
      3 sect
      3 scienc
      3 sati
      3 sarvastivada
      3 samyutta
      3 sakya
      3 sacredbooksofbud
      3 ruprecht
      3 rule
      3 robert
      3 review
      3 returnto
      3 respect
      3 reput
      3 reject
      3 region
      3 queri
      3 pud
      3 provid
      3 propon
      3 print
      3 precept
      3 preced
      3 pre
      3 prayer
      3 prat
      3 praj
      3 possibl
      3 poem
      3 plain
      3 pla
      3 philolog
      3 perfect
      3 penguin
      3 paul
      3 pala
      3 pain
      3 oskar
      3 onepag
      3 oka
      3 obtain
      3 object
      3 ntu
      3 nland
      3 nipata
      3 nikya
      3 ng
      3 navig
      3 nalanda
      3 music
      3 ms
      3 mortif
      3 monast
      3 monarchi
      3 moder
      3 minor
      3 mile
      3 merit
      3 mediawiki
      3 mediatyp
      3 mcgill
      3 manga
      3 male
      3 mahyna
      3 mahaparinirvana
      3 ma
      3 lotu
      3 long
      3 londuoft
      3 listen
      3 led
      3 learn
      3 lccn
      3 laumaki
      3 land
      3 lalitavistara
      3 laid
      3 keown
      3 karen
      3 kara
      3 kapilvastu
      3 kalpa
      3 jr
      3 jong
      3 jone
      3 john
      3 jhana
      3 jayatillek
      3 jama
      3 initi
      3 info
      3 indologica
      3 import
      3 illustr
      3 ii
      3 ignor
      3 hundr
      3 household
      3 hindu
      3 hinber
      3 hiltebeitel
      3 harvard
      3 hakka
      3 hadda
      3 ha
      3 grubin
      3 grew
      3 gov
      3 gotami
      3 give
      3 ghury
      3 gesh
      3 geograph
      3 garden
      3 franc
      3 formul
      3 focus
      3 fo
      3 flesh
      3 fetter
      3 felt
      3 featur
      3 faith
      3 ey
      3 extern
      3 extant
      3 enter
      3 edward
      3 ecol
      3 eb
      3 eat
      3 earlier
      3 dx
      3 du
      3 dream
      3 download
      3 doubt
      3 donat
      3 disput
      3 differ
      3 die
      3 dhyna
      3 dharmafar
      3 dhammacakkappavattana
      3 deva
      3 desir
      3 deni
      3 demon
      3 deliv
      3 deleg
      3 cunda
      3 conz
      3 convert
      3 control
      3 contribut
      3 contrast
      3 conscious
      3 coningham
      3 concis
      3 composit
      3 complexion
      3 companion
      3 columbia
      3 colombo
      3 clarendon
      3 citi
      3 citerefwalsh
      3 citerefschumann
      3 citerefhuntington
      3 chpt
      3 china
      3 chant
      3 cb
      3 cave
      3 caus
      3 calendar
      3 bulletin
      3 brother
      3 british
      3 brahmavihara
      3 blog
      3 belong
      3 bcber
      3 basa
      3 baroni
      3 bangladesh
      3 ba
      3 avoid
      3 ascet
      3 art
      3 argu
      3 area
      3 april
      3 alexand
      3 alavaka
      3 al
      3 agnihotra
      3 aeon
      3 actual
      3 accompani
      3 abandon
      2 zkyamuni
      2 zelazni
      2 zazen
      2 za
      2 yue
      2 younger
      2 yogic
      2 yogachara
      2 yazawin
      2 yasodhar
      2 xx
      2 xuhao
      2 xuanzang
      2 wynn
      2 writer
      2 wp
      2 worthi
      2 world
      2 woodvil
      2 willemen
      2 wife
      2 wide
      2 wherea
      2 wen
      2 wayman
      2 waylei
      2 wat
      2 walpola
      2 vulturepeak
      2 vro
      2 volum
      2 vipassi
      2 vipassan
      2 violenc
      2 vika
      2 viewfil
      2 view
      2 vietnam
      2 vicaya
      2 vi
      2 vesali
      2 version
      2 venezuela
      2 ved
      2 vasubandhu
      2 vassana
      2 varieti
      2 variant
      2 vara
      2 vandana
      2 vaji
      2 vagga
      2 uw
      2 uppalavanna
      2 uposatha
      2 upekkha
      2 upatisa
      2 upadhyaya
      2 unsurpass
      2 unsupport
      2 unesdoc
      2 unansw
      2 ultim
      2 uddaka
      2 ub
      2 type
      2 tyasamutp
      2 twitchett
      2 twenti
      2 tv
      2 turpi
      2 tulku
      2 tuladhar
      2 tripimaka
      2 tripi
      2 tripathi
      2 tricycl
      2 trbner
      2 transmit
      2 transmiss
      2 transcend
      2 trainor
      2 tradition
      2 tool
      2 tonglen
      2 togeth
      2 tissa
      2 tirthankara
      2 tibet
      2 tiantai
      2 theosophi
      2 thebuddhaandvajrapanigandhara
      2 thapar
      2 thanissaro
      2 thangka
      2 tezuka
      2 textual
      2 tevijjavacchagotta
      2 terma
      2 tendenc
      2 tend
      2 tathgata
      2 tath
      2 symposium
      2 symbol
      2 swearer
      2 swastika
      2 suryavansha
      2 survei
      2 sumedha
      2 sumana
      2 sujata
      2 sui
      2 successor
      2 succe
      2 substanti
      2 subhuti
      2 subhoti
      2 subcontin
      2 subasingh
      2 strength
      2 stone
      2 starv
      2 start
      2 stanford
      2 spoken
      2 speech
      2 soul
      2 sotapanna
      2 songtsen
      2 sociolog
      2 sobhita
      2 small
      2 skr
      2 sketch
      2 skeptic
      2 sinhales
      2 singl
      2 singapor
      2 silk
      2 silent
      2 sikhi
      2 signific
      2 sign
      2 sidharta
      2 side
      2 siddhi
      2 sick
      2 sic
      2 shwe
      2 shult
      2 short
      2 shingon
      2 shikantaza
      2 sharealik
      2 share
      2 shaolin
      2 shamarpa
      2 sham
      2 sfsu
      2 sep
      2 seon
      2 sentient
      2 sensual
      2 sek
      2 sectarian
      2 script
      2 scielo
      2 scholarship
      2 schober
      2 scan
      2 sayadaw
      2 satya
      2 satisfi
      2 satipatthana
      2 sanya
      2 samsara
      2 samatha
      2 sakyan
      2 sakadagami
      2 sajaya
      2 sai
      2 sahampati
      2 saekhra
      2 sadhu
      2 sacsra
      2 sacrific
      2 sacca
      2 rya
      2 ruler
      2 ruegg
      2 roger
      2 rockhil
      2 rock
      2 road
      2 rinpoch
      2 rice
      2 rhy
      2 rhula
      2 revu
      2 revis
      2 reveal
      2 revata
      2 retreat
      2 resourc
      2 rescu
      2 requir
      2 reputedli
      2 represent
      2 render
      2 remot
      2 remind
      2 rememb
      2 releas
      2 refug
      2 red
      2 reconsid
      2 recollect
      2 recognis
      2 realiz
      2 realiti
      2 rangoon
      2 random
      2 ran
      2 ramit
      2 rajgir
      2 rajghat
      2 rai
      2 quest
      2 push
      2 purnima
      2 publ
      2 ptf
      2 pt
      2 pt
      2 psycholog
      2 prostrat
      2 promis
      2 progress
      2 product
      2 problem
      2 printabl
      2 previou
      2 presectarian
      2 prescript
      2 prepar
      2 prem
      2 predict
      2 predecessor
      2 precis
      2 pratyekabuddha
      2 prais
      2 practis
      2 power
      2 possess
      2 portion
      2 pork
      2 polit
      2 point
      2 poetri
      2 png
      2 pleas
      2 piyadassi
      2 pinyin
      2 pictur
      2 phussa
      2 philippin
      2 perse
      2 pers
      2 perhap
      2 percept
      2 payasam
      2 passaddhi
      2 park
      2 paritta
      2 parinibbana
      2 paramet
      2 parabaik
      2 paper
      2 pandav
      2 panchen
      2 panchala
      2 palitext
      2 pakudha
      2 pakistan
      2 paint
      2 pagoda
      2 padumuttara
      2 paduma
      2 padmasambhava
      2 padm
      2 otgonbayar
      2 osu
      2 osten
      2 osamu
      2 orthodox
      2 orhj
      2 oral
      2 opinion
      2 onc
      2 om
      2 odisha
      2 octob
      2 nyat
      2 numer
      2 num
      2 nstika
      2 notic
      2 north
      2 norsk
      2 nigantha
      2 nidnakath
      2 nidanakatha
      2 newar
      2 nekkhamma
      2 ndl
      2 ndcenturi
      2 nb
      2 nation
      2 nashik
      2 naropa
      2 nagasena
      2 nagarjuna
      2 nade
      2 mutra
      2 muni
      2 mundan
      2 mulian
      2 mulasarvastivada
      2 muenchen
      2 mudra
      2 mudita
      2 mrsp
      2 mra
      2 motion
      2 moksha
      2 mohptra
      2 mohapatra
      2 mobil
      2 ml
      2 miracul
      2 mindstream
      2 milk
      2 mett
      2 method
      2 meter
      2 messag
      2 mesenter
      2 mershman
      2 mere
      2 mendic
      2 men
      2 mel
      2 max
      2 maurya
      2 matur
      2 manicha
      2 mandala
      2 maldiv
      2 malaysia
      2 malalasekera
      2 malaiya
      2 makkhali
      2 maithuna
      2 mahptra
      2 mahisasaka
      2 mahaparinirvanasutra
      2 mahakaccana
      2 magic
      2 magha
      2 magazin
      2 madhyamaka
      2 macdonnel
      2 lxii
      2 ludwig
      2 lokottara
      2 log
      2 lng
      2 liter
      2 list
      2 libri
      2 lead
      2 lambert
      2 lai
      2 kushinara
      2 kushan
      2 kuru
      2 kumar
      2 ku
      2 korea
      2 koliyan
      2 koliya
      2 ko
      2 kn
      2 klesha
      2 kishor
      2 khia
      2 khema
      2 kharosthi
      2 kh
      2 kernel
      2 katz
      2 karuna
      2 karu
      2 karmapa
      2 karetzki
      2 kapileswar
      2 kanthaka
      2 kanji
      2 kandi
      2 kamma
      2 kalmykia
      2 kala
      2 kakusandha
      2 kai
      2 jyutp
      2 juh
      2 jounalvol
      2 johnson
      2 jocb
      2 jn
      2 jiab
      2 jesu
      2 jcharticl
      2 jaya
      2 janet
      2 jan
      2 jalalabad
      2 jaggeri
      2 item
      2 issn
      2 isit
      2 iran
      2 invit
      2 interpret
      2 intent
      2 inra
      2 infobox
      2 influenti
      2 infarct
      2 indulg
      2 indriya
      2 indologi
      2 indolog
      2 inde
      2 incid
      2 ina
      2 immort
      2 immedi
      2 identif
      2 iddhipada
      2 icb
      2 ia
      2 hymn
      2 huntingtonarch
      2 human
      2 hum
      2 hula
      2 hors
      2 homag
      2 holidai
      2 hokkien
      2 hl
      2 historian
      2 hiragana
      2 hindu
      2 hindranc
      2 himansu
      2 himalaya
      2 highest
      2 higher
      2 hidden
      2 hgyur
      2 hess
      2 hero
      2 hermit
      2 hermann
      2 hereditari
      2 heidelberg
      2 hear
      2 head
      2 hatr
      2 hanyu
      2 hangul
      2 hamilton
      2 halo
      2 hak
      2 hajim
      2 gyatso
      2 guatama
      2 guard
      2 guanyin
      2 gttingen
      2 gsghury
      2 grove
      2 group
      2 greatest
      2 gotam
      2 gopal
      2 golden
      2 god
      2 girl
      2 gene
      2 gayatri
      2 ganget
      2 gangaramaya
      2 gandhran
      2 gampo
      2 gama
      2 fulltext
      2 fulli
      2 fs
      2 friend
      2 free
      2 franz
      2 franci
      2 franais
      2 fowler
      2 form
      2 footnotewynn
      2 footnotewilliam
      2 footnotewillemen
      2 footnoteweis
      2 footnotewayman
      2 footnotewalei
      2 footnotevon
      2 footnoteupadhyaya
      2 footnotetwitchett
      2 footnoteturpi
      2 footnotetuladhar
      2 footnotetripathi
      2 footnotetrainor
      2 footnotethapar
      2 footnoteswear
      2 footnotestrong
      2 footnotesmith
      2 footnoteshult
      2 footnoteschob
      2 footnoteruegg
      2 footnoteprebish
      2 footnotemoh
      2 footnotemettanando
      2 footnotemershman
      2 footnotemalalasekera
      2 footnotemah
      2 footnotemacdonnel
      2 footnotekatz
      2 footnotekala
      2 footnotejong
      2 footnotejayatillek
      2 footnotehiltebeitel
      2 footnotehamilton
      2 footnotegrubin
      2 footnotegop
      2 footnotefowl
      2 footnoteflood
      2 footnoteepstein
      2 footnoteead
      2 footnotedavidson
      2 footnotecowel
      2 footnoteconz
      2 footnotecollin
      2 footnotebuswel
      2 footnotebechert
      2 foot
      2 flag
      2 februari
      2 fear
      2 famous
      2 familiar
      2 factor
      2 extrm
      2 explain
      2 exist
      2 exert
      2 examin
      2 exact
      2 evolut
      2 everyth
      2 eugen
      2 essenti
      2 eschatolog
      2 es
      2 ershuu
      2 epstein
      2 epic
      2 entri
      2 entitl
      2 enshrin
      2 engvarb
      2 english
      2 endascet
      2 encyclopdia
      2 eleph
      2 effort
      2 edwin
      2 edific
      2 econom
      2 ebud
      2 ebdha
      2 ead
      2 dzogchen
      2 dunda
      2 dudlei
      2 dokument
      2 doc
      2 dmy
      2 dl
      2 divin
      2 displai
      2 diseas
      2 discoveri
      2 discov
      2 disclaim
      2 dinesh
      2 difficult
      2 dictionari
      2 dickinson
      2 dialect
      2 dharmachakra
      2 dharmacakra
      2 dharma
      2 dhammananda
      2 dhammajak
      2 dhammadassi
      2 dhamm
      2 dhamek
      2 devata
      2 devadatta
      2 destroi
      2 despit
      2 depend
      2 declin
      2 debat
      2 deathplac
      2 de
      2 dbet
      2 data
      2 dan
      2 damien
      2 dalai
      2 dagon
      2 cycl
      2 custom
      2 cuisin
      2 crisi
      2 creativecommon
      2 creativ
      2 creation
      2 creat
      2 creat
      2 crave
      2 cowel
      2 cours
      2 correspond
      2 coron
      2 cooki
      2 convinc
      2 convers
      2 contemporari
      2 constitut
      2 consequentialist
      2 consensu
      2 confuciu
      2 confid
      2 condit
      2 concentr
      2 conceiv
      2 compos
      2 comparison
      2 compar
      2 commentari
      2 colost
      2 collin
      2 cloth
      2 close
      2 citi
      2 citerefsrivastava
      2 citerefskilton
      2 citerefschmithausen
      2 citerefsamuel
      2 citerefnarain
      2 citerefnakamura
      2 citereflopez
      2 citereflaumaki
      2 citerefjon
      2 citerefjanet
      2 citerefhartmann
      2 citerefgethin
      2 citerefcarrith
      2 citerefarmstrong
      2 chronolog
      2 childhood
      2 chieftain
      2 charact
      2 chang
      2 chan
      2 chakravartin
      2 cetiya
      2 central
      2 centr
      2 center
      2 celebr
      2 ccb
      2 cathol
      2 carol
      2 cao
      2 cantones
      2 canon
      2 buswel
      2 burma
      2 burm
      2 budsa
      2 buddholog
      2 buddhistpilgrimagesit
      2 buddhistmahi
      2 buddhisteth
      2 buddhavacana
      2 buddharupa
      2 budai
      2 buck
      2 brazil
      2 brahmajala
      2 brahma
      2 boundari
      2 boston
      2 border
      2 bopomofo
      2 bookcmd
      2 boere
      2 boeddha
      2 bodleian
      2 bodhipakkhii
      2 bodhidharma
      2 bodhicitta
      2 boda
      2 bne
      2 bn
      2 blue
      2 birthplacebuddha
      2 birch
      2 bhikkhuni
      2 bhavana
      2 bhavacakra
      2 bhant
      2 berzin
      2 bertolucci
      2 bernardo
      2 benar
      2 belief
      2 belammhaputta
      2 bdkamerica
      2 bbat
      2 bath
      2 bat
      2 basicteach
      2 bark
      2 bareau
      2 banish
      2 balkh
      2 bahasa
      2 awadh
      2 avatarbuddha
      2 avatar
      2 avalokit
      2 auth
      2 australia
      2 august
      2 atthadassi
      2 attend
      2 atom
      2 ati
      2 atanatiya
      2 asvauoft
      2 asura
      2 astamahapratiharya
      2 assert
      2 aspect
      2 asian
      2 asanga
      2 asalha
      2 arnold
      2 ark
      2 argentina
      2 archaeologist
      2 archaeolog
      2 appli
      2 appleton
      2 apost
      2 anti
      2 anoth
      2 anomali
      2 anomadassi
      2 announc
      2 anicca
      2 angulimala
      2 andr
      2 ancien
      2 anapanasati
      2 analayo
      2 anagata
      2 anagarika
      2 ambedkar
      2 amazon
      2 alsdorf
      2 alreadi
      2 alphabet
      2 alf
      2 aka
      2 ak
      2 ajnana
      2 ajita
      2 ajahn
      2 agama
      2 african
      2 af
      2 ad
      2 achiev
      2 achariyabhuta
      2 accn
      2 academ
      2 ac
      2 abil
      2 abhinickramaga
      2 abhidharma
      2 aa
      1 zw
      1 zur
      1 zum
      1 zrvaka
      1 zrmagera
      1 zrmager
      1 zramaga
      1 zkya
      1 zknyat
      1 zeuw
      1 zenymmitsu
      1 zee
      1 zea
      1 zddhi
      1 zbekcha
      1 zar
      1 youngest
      1 yorb
      1 yo
      1 yi
      1 yesterdai
      1 yellow
      1 ye
      1 ycana
      1 yashodhara
      1 yapa
      1 yangon
      1 xlvii
      1 xlix
      1 xix
      1 xing
      1 xh
      1 wuu
      1 wrought
      1 wrongli
      1 worldli
      1 workabl
      1 womb
      1 wolof
      1 wolfgang
      1 wo
      1 wizard
      1 wise
      1 winarai
      1 willard
      1 wiktionari
      1 wiesbaden
      1 whc
      1 whatlinksher
      1 wezler
      1 welfar
      1 webspac
      1 wealth
      1 weaken
      1 wawrytko
      1 watch
      1 washington
      1 war
      1 walon
      1 wagl
      1 wadsworth
      1 wadegil
      1 wade
      1 wa
      1 vultur
      1 vthe
      1 vosa
      1 vopylox
      1 vit
      1 visibl
      1 virtual
      1 violent
      1 vincent
      1 vinayapitaka
      1 vijja
      1 viewpoint
      1 vf
      1 vessabhk
      1 vessabh
      1 versu
      1 vers
      1 vergano
      1 verac
      1 veluvana
      1 vayadhamm
      1 vastu
      1 vasani
      1 vam
      1 vakkali
      1 vakav
      1 vaka
      1 vajrayna
      1 vahcuengh
      1 vagu
      1 vaghoca
      1 vagho
      1 uz
      1 uwpress
      1 userlogin
      1 uselang
      1 usag
      1 ur
      1 upsik
      1 upsaka
      1 upjlgigf
      1 upbring
      1 upanishad
      1 unwin
      1 unveil
      1 untrain
      1 unti
      1 unsatisfi
      1 unqualifi
      1 unport
      1 universitair
      1 univers
      1 unexcel
      1 unequivoc
      1 unencumb
      1 undisciplin
      1 und
      1 uncov
      1 unconcern
      1 uncertain
      1 unawar
      1 unattract
      1 uhtbin
      1 ugautam
      1 ug
      1 udraka
      1 ud
      1 tyv
      1 tyasamutpda
      1 ty
      1 twentieth
      1 tusk
      1 tushita
      1 turn
      1 tucita
      1 tt
      1 tsan
      1 truli
      1 trke
      1 tripitaka
      1 trip
      1 trikaya
      1 tribe
      1 tribal
      1 tri
      1 treenow
      1 treein
      1 tree
      1 trapusa
      1 transienc
      1 trainer
      1 trailokya
      1 trademark
      1 tr
      1 tpi
      1 told
      1 tokyo
      1 tok
      1 toggl
      1 todai
      1 tmc
      1 tman
      1 tlng
      1 tl
      1 timok
      1 tilman
      1 thursbi
      1 throne
      1 thousand
      1 thirti
      1 thirteenth
      1 thinker
      1 thin
      1 thi
      1 thesi
      1 therefor
      1 therebi
      1 thereaft
      1 therav
      1 thera
      1 theme
      1 tharpa
      1 tg
      1 tevijjavaccha
      1 test
      1 tertn
      1 tert
      1 territori
      1 tenth
      1 televis
      1 techniqu
      1 te
      1 tcevqc
      1 tbf
      1 taylor
      1 taurinensia
      1 tatht
      1 tatara
      1 taphussa
      1 tape
      1 taoist
      1 taint
      1 tahiti
      1 taghackara
      1 tagalog
      1 sziddh
      1 system
      1 syst
      1 synthesi
      1 syndrom
      1 symptom
      1 symposien
      1 swzgyahmouzniz
      1 swoyambhu
      1 swell
      1 sw
      1 svitt
      1 svitr
      1 svenska
      1 sv
      1 sutrapitaka
      1 sussex
      1 sushil
      1 sur
      1 suprem
      1 supra
      1 suppress
      1 suppos
      1 superman
      1 superior
      1 suomi
      1 sunda
      1 summar
      1 sukha
      1 sukaresh
      1 sujta
      1 suj
      1 sugato
      1 sugata
      1 sue
      1 sudoc
      1 suddhodna
      1 success
      1 succeed
      1 subtl
      1 substitut
      1 subnot
      1 su
      1 studybuddh
      1 studien
      1 student
      1 structur
      1 strove
      1 strongli
      1 strive
      1 street
      1 store
      1 stika
      1 stephen
      1 stand
      1 stalk
      1 sstr
      1 sst
      1 srpskohrvatski
      1 srpski
      1 srnth
      1 sriputta
      1 sramana
      1 sr
      1 spuriou
      1 spread
      1 spirit
      1 specifi
      1 specialpag
      1 span
      1 space
      1 sow
      1 southeast
      1 sound
      1 sotpanna
      1 sot
      1 sort
      1 sop
      1 soomaaliga
      1 sonadanda
      1 solar
      1 socanth
      1 sng
      1 smit
      1 smg
      1 smarana
      1 sm
      1 slovena
      1 sloven
      1 slenska
      1 sleep
      1 sl
      1 skya
      1 skt
      1 skill
      1 sk
      1 sixti
      1 sixth
      1 sitelink
      1 sister
      1 sircar
      1 sir
      1 singh
      1 sinc
      1 simran
      1 simpli
      1 simi
      1 sik
      1 sig
      1 sidh
      1 sidebar
      1 sidarto
      1 sicilianu
      1 siakjamuni
      1 si
      1 show
      1 shorea
      1 shop
      1 sho
      1 shkyasimha
      1 shkyamuni
      1 shippensburg
      1 ship
      1 shine
      1 shimoda
      1 shield
      1 shi
      1 shave
      1 sharma
      1 shambhala
      1 shakyan
      1 shaka
      1 sh
      1 sg
      1 seyford
      1 servant
      1 serv
      1 serial
      1 seren
      1 sequenc
      1 separ
      1 sens
      1 senior
      1 seer
      1 seed
      1 seat
      1 se
      1 scroll
      1 scot
      1 sco
      1 scn
      1 sci
      1 schriftfest
      1 schism
      1 sceptic
      1 sc
      1 satthi
      1 satthadeva
      1 satguru
      1 sarvstivda
      1 sardu
      1 sarathi
      1 saragackara
      1 sara
      1 santivarapadam
      1 sanjaya
      1 sandra
      1 sand
      1 samyaksambuddha
      1 samutpada
      1 samukos
      1 sampdeth
      1 sampano
      1 samoa
      1 sammasambuddho
      1 samaaphala
      1 sama
      1 salanc
      1 sal
      1 sakaaaayaaj
      1 saka
      1 saint
      1 sah
      1 safe
      1 saekhr
      1 saegha
      1 sadattho
      1 sabbau
      1 rupert
      1 rupa
      1 rup
      1 runa
      1 rule
      1 rue
      1 ru
      1 rta
      1 rsrmkzozovln
      1 rsqyaqaaqbaj
      1 roughli
      1 rough
      1 rosen
      1 root
      1 rone
      1 romn
      1 romila
      1 romanticlegendof
      1 romant
      1 robusta
      1 robinson
      1 roa
      1 ro
      1 rmshi
      1 rmaputra
      1 rjan
      1 river
      1 rival
      1 righteou
      1 ride
      1 revisit
      1 reverend
      1 rev
      1 retel
      1 result
      1 restrict
      1 respons
      1 resolv
      1 repres
      1 repli
      1 reo
      1 reluct
      1 reliabl
      1 relent
      1 relationship
      1 rel
      1 reischauer
      1 reincarn
      1 regist
      1 refus
      1 refresh
      1 reform
      1 reev
      1 redirect
      1 redat
      1 recov
      1 recount
      1 reconstruct
      1 recogn
      1 reckon
      1 recherch
      1 recentchangeslink
      1 recentchang
      1 receiv
      1 realli
      1 rdf
      1 rcit
      1 rawlinson
      1 rati
      1 rate
      1 rare
      1 rang
      1 randal
      1 raman
      1 raja
      1 rais
      1 raini
      1 rain
      1 rahulavada
      1 radio
      1 qwsucetgv
      1 quotat
      1 quot
      1 quit
      1 quintet
      1 quebec
      1 qu
      1 qc
      1 qautama
      1 qarb
      1 pyei
      1 puta
      1 purport
      1 purisa
      1 purga
      1 purana
      1 pupil
      1 pu
      1 ps
      1 prtimokca
      1 prove
      1 protest
      1 protector
      1 proper
      1 prohibit
      1 programm
      1 profit
      1 proclaim
      1 process
      1 pritchett
      1 priprahwa
      1 print
      1 princess
      1 primari
      1 prevent
      1 preta
      1 presuppos
      1 presum
      1 preserv
      1 presenc
      1 pregnant
      1 prefer
      1 precursor
      1 preach
      1 pratitya
      1 pramit
      1 prakashan
      1 prajna
      1 pr
      1 postgradu
      1 post
      1 post
      1 portugu
      1 popularli
      1 popular
      1 polski
      1 poj
      1 poison
      1 poet
      1 pnrhec
      1 pnb
      1 pm
      1 plough
      1 plattdtsch
      1 plato
      1 plate
      1 plane
      1 pl
      1 pkraga
      1 pisin
      1 pipal
      1 pimaka
      1 pillar
      1 pillai
      1 piemonti
      1 pid
      1 pi
      1 peter
      1 perman
      1 perish
      1 peripheri
      1 perfectli
      1 perera
      1 peak
      1 peac
      1 pe
      1 pavacsa
      1 patrick
      1 patricia
      1 patriarch
      1 patoi
      1 passim
      1 pass
      1 pass
      1 pasin
      1 parvat
      1 partli
      1 part
      1 pariyesati
      1 pariyesamano
      1 paribbjaka
      1 pari
      1 parent
      1 papiamentu
      1 pap
      1 panorama
      1 panna
      1 pankara
      1 pandavleni
      1 painless
      1 pai
      1 paggsaka
      1 paadika
      1 overview
      1 overpow
      1 overcom
      1 ousman
      1 ot
      1 ostasiatisch
      1 os
      1 orion
      1 organ
      1 ordinari
      1 ordin
      1 ordain
      1 optim
      1 opposit
      1 opensearch
      1 open
      1 oneworld
      1 omit
      1 omen
      1 olo
      1 olivel
      1 oligarch
      1 older
      1 okkka
      1 oj
      1 odhar
      1 oct
      1 occur
      1 occup
      1 occitan
      1 occas
      1 oc
      1 obsess
      1 nynorsk
      1 nut
      1 nusm
      1 numata
      1 ntaputta
      1 nrm
      1 nrada
      1 nov
      1 nouvel
      1 note
      1 nn
      1 nl
      1 nkp
      1 nkc
      1 nj
      1 nirvna
      1 nirvga
      1 nikay
      1 nik
      1 night
      1 nicholson
      1 nibbna
      1 nibbiinam
      1 nibbana
      1 nglisc
      1 ng
      1 nfpcagaaqbaj
      1 neighbour
      1 neg
      1 nederland
      1 necessit
      1 necessari
      1 nearli
      1 ne
      1 ndlna
      1 ndh
      1 navlink
      1 nationalgeograph
      1 national
      1 nathan
      1 nataputta
      1 nastika
      1 narrat
      1 narr
      1 narendra
      1 naraka
      1 nara
      1 napulitano
      1 nap
      1 naohagaaqbaj
      1 nanamoli
      1 nan
      1 namespac
      1 nagendra
      1 nacion
      1 mytholog
      1 mytalk
      1 mystic
      1 mylanguag
      1 mydev
      1 mycontribut
      1 mx
      1 mwl
      1 mw
      1 muslim
      1 mushroom
      1 murder
      1 munshiram
      1 muller
      1 mukham
      1 muffl
      1 mu
      1 mt
      1 mountain
      1 motiv
      1 mostli
      1 moral
      1 moon
      1 monument
      1 montreal
      1 monarch
      1 moment
      1 moggallna
      1 modifi
      1 mobileact
      1 mng
      1 mller
      1 mk
      1 mjx
      1 mj
      1 mittal
      1 missal
      1 miscellan
      1 mirand
      1 minut
      1 ministri
      1 minangkabau
      1 millennium
      1 militari
      1 middai
      1 mid
      1 michel
      1 michael
      1 mi
      1 mg
      1 meyer
      1 methodolog
      1 method
      1 met
      1 merchant
      1 menu
      1 memor
      1 member
      1 melayu
      1 melang
      1 meet
      1 medium
      1 mediev
      1 medicin
      1 medhackara
      1 medha
      1 meat
      1 mealac
      1 md
      1 mccunereischau
      1 mccune
      1 mc
      1 mauric
      1 matter
      1 masahiro
      1 marvel
      1 martyrolog
      1 marri
      1 march
      1 map
      1 manussanam
      1 manual
      1 manoharl
      1 manifest
      1 mandir
      1 mandarin
      1 malti
      1 maligawa
      1 malagasi
      1 mala
      1 maintain
      1 mainstream
      1 mainland
      1 mai
      1 mahvira
      1 mahvacsa
      1 mahscghika
      1 mahsaccakasutta
      1 mahpuruca
      1 mahparinirvga
      1 mahparinibbna
      1 mahpadna
      1 mahkassapa
      1 mahkaccana
      1 mahavana
      1 mahavamsa
      1 mahapadana
      1 mahamoggallna
      1 mahamassata
      1 magyar
      1 maegala
      1 madhyamaklackra
      1 madhyamak
      1 madan
      1 macmillan
      1 macdonel
      1 lv
      1 lunar
      1 lumbei
      1 lumbaart
      1 ltzebuergesch
      1 lt
      1 ls
      1 lpg
      1 love
      1 loosen
      1 lokottaravda
      1 lokottarav
      1 lokayata
      1 lokavidu
      1 lojban
      1 loc
      1 lmo
      1 lm
      1 livvinkarjala
      1 livelihood
      1 liturg
      1 lion
      1 linear
      1 likewis
      1 lij
      1 ligur
      1 lifeofbuddhaearl
      1 lifebuddha
      1 lietuvi
      1 lib
      1 level
      1 leur
      1 len
      1 legitimaci
      1 legaci
      1 lectur
      1 leader
      1 lbud
      1 lb
      1 laywomen
      1 laymen
      1 latvieau
      1 latina
      1 latex
      1 lant
      1 lanham
      1 lakshman
      1 lakkhaga
      1 laiti
      1 laghulavad
      1 ladi
      1 lack
      1 kyokai
      1 kyamuni
      1 ky
      1 kw
      1 kunst
      1 kr
      1 kotama
      1 kosei
      1 kondanna
      1 kondaa
      1 koli
      1 koggamana
      1 kog
      1 kobo
      1 knot
      1 knew
      1 kman
      1 km
      1 klma
      1 klau
      1 kk
      1 kitagawa
      1 kiswahili
      1 kinship
      1 king
      1 kind
      1 kimkusalagavesi
      1 kilometr
      1 khoten
      1 khazibui
      1 kha
      1 kfyzaaaaqbaj
      1 kevin
      1 kesakambali
      1 kesakamb
      1 kernowek
      1 kelsang
      1 kei
      1 kegan
      1 kb
      1 katyayana
      1 kassaya
      1 kasaya
      1 karug
      1 karl
      1 karita
      1 kapilesvara
      1 kapilavatthu
      1 kanda
      1 kammammhna
      1 kalupahana
      1 kaludayi
      1 kaleidoscop
      1 kaccyana
      1 kaccayana
      1 ka
      1 jw
      1 jv
      1 jungl
      1 june
      1 jun
      1 jump
      1 julian
      1 juli
      1 jul
      1 jujub
      1 judaism
      1 jtaka
      1 jp
      1 joseph
      1 jj
      1 jinendra
      1 jina
      1 jhna
      1 jh
      1 jewish
      1 jen
      1 jc
      1 jbo
      1 jawa
      1 januari
      1 jam
      1 jainismu
      1 jain
      1 jahxbja
      1 ja
      1 iv
      1 itc
      1 italiano
      1 issu
      1 iso
      1 isixhosa
      1 iplay
      1 iodasaph
      1 io
      1 invent
      1 introductori
      1 introduc
      1 introd
      1 interprt
      1 interlingua
      1 intercours
      1 interact
      1 intend
      1 intellectu
      1 integr
      1 intak
      1 instruct
      1 instanc
      1 instal
      1 inspir
      1 ingrain
      1 infant
      1 indolog
      1 indo
      1 indic
      1 indiannepales
      1 indian
      1 indaratana
      1 increment
      1 increas
      1 imposs
      1 implic
      1 impend
      1 impel
      1 ilokano
      1 ilo
      1 ill
      1 ikcvku
      1 iii
      1 idref
      1 ido
      1 ideolog
      1 ideal
      1 icq
      1 ica
      1 ialkabiyv
      1 hz
      1 hypothesi
      1 hypocrit
      1 hy
      1 hungri
      1 humanist
      1 hugh
      1 hu
      1 hs
      1 hrvatski
      1 hr
      1 hqoaagaaqbaj
      1 hoov
      1 homogen
      1 hold
      1 historischen
      1 historiographi
      1 hinueb
      1 hing
      1 hindi
      1 high
      1 hif
      1 hierarch
      1 hide
      1 hf
      1 heterodox
      1 hesit
      1 herberman
      1 hell
      1 helen
      1 hei
      1 hedon
      1 heard
      1 harm
      1 hardli
      1 hard
      1 happi
      1 handsom
      1 han
      1 han
      1 gyi
      1 gvawv
      1 guarante
      1 guangdong
      1 guang
      1 gth
      1 gs
      1 grown
      1 grow
      1 griddhraj
      1 greed
      1 grasp
      1 grantha
      1 grant
      1 gottingen
      1 gotamo
      1 gotaama
      1 gosla
      1 gosala
      1 gopinath
      1 gootama
      1 goldsmith
      1 gold
      1 goe
      1 godlik
      1 gndhr
      1 glitter
      1 glfcjtkhnlyc
      1 gl
      1 gile
      1 gidhlig
      1 gi
      1 ghost
      1 ghosha
      1 ghika
      1 gere
      1 georgian
      1 geniu
      1 genesi
      1 gedenkschrift
      1 gd
      1 gb
      1 gautam
      1 gather
      1 gatha
      1 gata
      1 ganwaria
      1 gang
      1 gandhra
      1 gandh
      1 gana
      1 gan
      1 gamoli
      1 gamana
      1 gama
      1 galego
      1 gala
      1 gain
      1 gagana
      1 fy
      1 furthermor
      1 funrail
      1 fundraiserredirector
      1 fundament
      1 function
      1 func
      1 ftu
      1 frysk
      1 fruit
      1 froyskt
      1 frontier
      1 frequent
      1 francais
      1 franai
      1 framework
      1 foster
      1 foshohingtsankin
      1 forti
      1 formula
      1 formerli
      1 form
      1 forest
      1 forc
      1 footstep
      1 footnot
      1 flourish
      1 flora
      1 flood
      1 fj
      1 fix
      1 fiu
      1 fit
      1 fire
      1 fiji
      1 fig
      1 fifti
      1 fifteen
      1 fi
      1 fh
      1 femal
      1 feet
      1 feast
      1 fbdoaqhamaq
      1 favour
      1 fausbll
      1 farer
      1 fantasi
      1 famou
      1 fall
      1 fail
      1 fact
      1 fact
      1 facsimil
      1 fa
      1 extract
      1 extinguish
      1 extens
      1 ext
      1 express
      1 expound
      1 export
      1 explanatori
      1 explan
      1 expertis
      1 experi
      1 existenti
      1 exhaust
      1 exemplari
      1 excav
      1 evolv
      1 everi
      1 ev
      1 euskara
      1 eu
      1 etern
      1 etap
      1 estremeu
      1 estim
      1 establish
      1 esperanto
      1 especi
      1 espaol
      1 espa
      1 esoter
      1 error
      1 er
      1 equal
      1 eo
      1 ensur
      1 eng
      1 energi
      1 endow
      1 endless
      1 encyclopaedia
      1 encount
      1 empti
      1 emerg
      1 emaitaka
      1 emaci
      1 els
      1 elgiriy
      1 element
      1 elabor
      1 el
      1 eighti
      1 eighth
      1 ei
      1 egc
      1 egalitarian
      1 eesti
      1 educ
      1 edg
      1 ebcheck
      1 eatina
      1 eaten
      1 easili
      1 earthli
      1 earth
      1 earlyhistoryofi
      1 dz
      1 dynasti
      1 dy
      1 dwell
      1 dwc
      1 dvd
      1 due
      1 dual
      1 dsb
      1 drown
      1 dreamt
      1 drawn
      1 draw
      1 drama
      1 dr
      1 dp
      1 doz
      1 domin
      1 domain
      1 dolnoserbski
      1 doe
      1 dna
      1 dknwcgaaqbaj
      1 divis
      1 divid
      1 divers
      1 distinguish
      1 dismiss
      1 discuss
      1 discrimin
      1 disciplin
      1 disagr
      1 director
      1 direct
      1 dipavamsa
      1 dipankara
      1 dilig
      1 difficulti
      1 diet
      1 dhammatalk
      1 devic
      1 deviant
      1 devada
      1 deutsch
      1 determin
      1 detach
      1 destin
      1 desist
      1 descend
      1 desc
      1 deriv
      1 depriv
      1 depress
      1 dendo
      1 demonstr
      1 delight
      1 deifi
      1 dehli
      1 degre
      1 degraff
      1 deftli
      1 definit
      1 deer
      1 deep
      1 decis
      1 deceas
      1 decai
      1 deathless
      1 deal
      1 ddhi
      1 dda
      1 daviuoft
      1 datierung
      1 dansk
      1 damma
      1 dalada
      1 daili
      1 czech
      1 cz
      1 cymraeg
      1 cy
      1 curzon
      1 culmin
      1 crvka
      1 crucibl
      1 critic
      1 createaccount
      1 coupl
      1 counten
      1 corsu
      1 corrobor
      1 corps
      1 copyright
      1 copi
      1 cook
      1 controversi
      1 contrari
      1 continu
      1 context
      1 contempl
      1 containsviafid
      1 consum
      1 constantli
      1 consol
      1 consequ
      1 congress
      1 conform
      1 conflict
      1 confederaci
      1 conduct
      1 con
      1 compon
      1 complex
      1 compass
      1 compani
      1 commonli
      1 commit
      1 comment
      1 commemor
      1 color
      1 coloni
      1 colleg
      1 collaps
      1 coincid
      1 codifi
      1 coast
      1 closest
      1 clearer
      1 classifi
      1 classic
      1 clasquin
      1 clarifi
      1 ckb
      1 citethispag
      1 citerefwynn
      1 citerefwilliam
      1 citerefwillemen
      1 citerefweis
      1 citerefwayman
      1 citerefwalei
      1 citerefvon
      1 citerefupadhyaya
      1 citereftwitchett
      1 citerefturpi
      1 citereftuladhar
      1 citereftripathi
      1 citereftrainor
      1 citerefthapar
      1 citerefswear
      1 citerefstrong
      1 citerefsmith
      1 citerefshult
      1 citerefschob
      1 citerefruegg
      1 citerefprebish
      1 citerefmoh
      1 citerefmettanando
      1 citerefmershman
      1 citerefmalalasekera
      1 citerefmah
      1 citerefmacdonnel
      1 citerefkeownprebish
      1 citerefkatz
      1 citerefkaretzki
      1 citerefkala
      1 citerefjong
      1 citerefjayatillek
      1 citerefhiltebeitel
      1 citerefhamilton
      1 citerefgyatso
      1 citerefgrubin
      1 citerefgop
      1 citereffowl
      1 citerefflood
      1 citerefepstein
      1 citerefead
      1 citerefdunda
      1 citerefdhammika
      1 citerefdavidson
      1 citerefcowel
      1 citerefcousin
      1 citerefconz
      1 citerefcollin
      1 citerefbuswel
      1 citerefbechert
      1 citerefbaroni
      1 citerefanderson
      1 cite
      1 church
      1 chronicl
      1 chosen
      1 chinoi
      1 child
      1 cheq
      1 cheo
      1 charvaka
      1 chariot
      1 character
      1 charact
      1 chandaso
      1 champion
      1 chairman
      1 cgi
      1 cgboer
      1 certainli
      1 ceremoni
      1 cebuano
      1 ceb
      1 cdo
      1 ccl
      1 cautiou
      1 caution
      1 catalogu
      1 catalogo
      1 catal
      1 career
      1 carana
      1 capac
      1 canoniqu
      1 cannib
      1 campaign
      1 cam
      1 calm
      1 calendr
      1 cakradhara
      1 cadav
      1 caa
      1 byle
      1 bxr
      1 bw
      1 bvvfbqaaqbaj
      1 buuda
      1 burlingam
      1 burden
      1 bulb
      1 bukkyo
      1 built
      1 budo
      1 buddho
      1 buddhnusm
      1 buddhistbirth
      1 buddhismusforschung
      1 buddhismu
      1 buddhaintro
      1 buddhaghoca
      1 buddh
      1 bu
      1 bstan
      1 bs
      1 bruhn
      1 brought
      1 broadcast
      1 brezhoneg
      1 brett
      1 branch
      1 bowl
      1 bouddhiqu
      1 bouda
      1 bosanski
      1 bookread
      1 bokml
      1 bodi
      1 bodhipakkhiydhamm
      1 bodhigara
      1 bo
      1 bm
      1 bliss
      1 bless
      1 blaze
      1 blacksmith
      1 bl
      1 bkdhasaf
      1 bkah
      1 bk
      1 bit
      1 bislama
      1 birthmark
      1 biographiedu
      1 bikol
      1 biblioth
      1 biblioteca
      1 bibliographi
      1 bibliograph
      1 bibl
      1 bi
      1 bho
      1 bhikku
      1 bhikkhu
      1 bhayani
      1 bhallika
      1 bhagwn
      1 bhagavathi
      1 bhagavat
      1 bhagavan
      1 bhagavadgita
      1 bhagav
      1 bha
      1 bh
      1 bg
      1 berkelei
      1 ber
      1 benefici
      1 beneath
      1 belmont
      1 belatthaputta
      1 behold
      1 behavior
      1 beg
      1 becaus
      1 beauti
      1 beaten
      1 bead
      1 bcl
      1 baso
      1 barnston
      1 banyumasan
      1 bamboo
      1 bahalika
      1 bah
      1 babi
      1 azyrbaycanca
      1 azb
      1 az
      1 avidi
      1 avail
      1 autumn
      1 authoritybrows
      1 author
      1 authent
      1 aut
      1 auster
      1 aunt
      1 aue
      1 audiobook
      1 atthavasa
      1 attempt
      1 atman
      1 asva
      1 asturianu
      1 ast
      1 assum
      1 asin
      1 asiat
      1 ashvaghosa
      1 ashva
      1 arz
      1 aryan
      1 arttitl
      1 arteri
      1 arrog
      1 arrang
      1 armneashti
      1 armi
      1 ariyavasa
      1 ariyavamsa
      1 aris
      1 arih
      1 arhatformula
      1 argument
      1 archaeolog
      1 arc
      1 araham
      1 aragon
      1 arab
      1 appropri
      1 appar
      1 appamdena
      1 app
      1 aphala
      1 anyon
      1 anuttaro
      1 anuttaramyagakkhemam
      1 anuttaram
      1 anussati
      1 anuppatta
      1 antman
      1 annihil
      1 annex
      1 anmol
      1 anlayo
      1 anitya
      1 angmi
      1 ang
      1 android
      1 ancientnep
      1 anatt
      1 analysi
      1 ana
      1 amitbha
      1 amit
      1 america
      1 ambigu
      1 ambattha
      1 ambammha
      1 amata
      1 altar
      1 allen
      1 alleg
      1 aliya
      1 alex
      1 aleph
      1 alemannisch
      1 album
      1 albrecht
      1 al
      1 ajivaka
      1 ajit
      1 ajatasatru
      1 ajasattu
      1 ajana
      1 aj
      1 aim
      1 aid
      1 ahukewjsr
      1 ahbi
      1 aggreg
      1 aggihuttamukh
      1 ag
      1 afrikan
      1 afrikaan
      1 aewdq
      1 advic
      1 advanc
      1 adorn
      1 adopt
      1 adjust
      1 adher
      1 address
      1 act
      1 acquisit
      1 acquaint
      1 accordingli
      1 accomplish
      1 abstract
      1 abod
      1 ab
      1 
