2017-09-22 16:30:52,094 [-] [main]  INFO SynapseServer Starting Apache Synapse...
2017-09-22 16:30:52,123 [-] [main]  INFO SynapseControllerFactory Using Synapse home : /home/tj-ds/Desktop/CO328/synapse-3.0.1-SNAPSHOT
2017-09-22 16:30:52,124 [-] [main]  INFO SynapseControllerFactory Using Axis2 repository : /home/tj-ds/Desktop/CO328/synapse-3.0.1-SNAPSHOT/repository
2017-09-22 16:30:52,124 [-] [main]  INFO SynapseControllerFactory Using axis2.xml location : /home/tj-ds/Desktop/CO328/synapse-3.0.1-SNAPSHOT/repository/conf/axis2.xml
2017-09-22 16:30:52,124 [-] [main]  INFO SynapseControllerFactory Using synapse.xml location : /home/tj-ds/Desktop/CO328/synapse-3.0.1-SNAPSHOT/repository/conf/synapse-config
2017-09-22 16:30:52,124 [-] [main]  INFO SynapseControllerFactory Using server name : localhost
2017-09-22 16:30:52,162 [-] [main]  INFO SynapseControllerFactory The timeout handler will run every : 15s
2017-09-22 16:30:52,507 [-] [main]  INFO Axis2SynapseController Initializing Synapse at : Fri Sep 22 16:30:52 IST 2017
2017-09-22 16:30:53,066 [-] [main]  INFO JMSSender JMS Sender started
2017-09-22 16:30:53,068 [-] [main]  INFO JMSSender JMS Transport Sender initialized...
2017-09-22 16:30:53,068 [-] [main]  INFO VFSTransportSender VFS Sender started
2017-09-22 16:30:53,197 [-] [main]  INFO PassThroughHttpSender Pass-through HTTP sender started...
2017-09-22 16:30:53,216 [-] [main]  INFO PassThroughHttpSSLSender Loading Identity Keystore from : lib/identity.jks
2017-09-22 16:30:53,330 [-] [main]  INFO PassThroughHttpSSLSender Loading Trust Keystore from : lib/trust.jks
2017-09-22 16:30:53,437 [-] [main]  INFO PassThroughHttpSSLSender Pass-through HTTPS sender started...
2017-09-22 16:30:53,874 [-] [main]  INFO PassThroughHttpSSLListener Loading Identity Keystore from : lib/identity.jks
2017-09-22 16:30:53,876 [-] [main]  INFO PassThroughHttpSSLListener Loading Trust Keystore from : lib/trust.jks
2017-09-22 16:30:53,881 [-] [main]  INFO Axis2SynapseController Loading mediator extensions...
2017-09-22 16:30:53,891 [-] [main]  INFO MultiXMLConfigurationBuilder Building synapse configuration from the synapse artifact repository at : /home/tj-ds/Desktop/CO328/synapse-3.0.1-SNAPSHOT/repository/conf/synapse-config
2017-09-22 16:30:53,917 [-] [main]  INFO XMLConfigurationBuilder Generating the Synapse configuration model by parsing the XML configuration
2017-09-22 16:30:53,997 [-] [main]  INFO SynapseConfigurationBuilder Loaded Synapse configuration from the artifact repository at : /home/tj-ds/Desktop/CO328/synapse-3.0.1-SNAPSHOT/repository/conf/synapse-config
2017-09-22 16:30:53,999 [-] [main]  INFO Axis2SynapseController Deploying the Synapse service...
2017-09-22 16:30:54,014 [-] [main]  INFO Axis2SynapseController Deploying Proxy services...
2017-09-22 16:30:54,014 [-] [main]  INFO Axis2SynapseController Deploying EventSources...
2017-09-22 16:30:54,033 [-] [main]  INFO PassThroughHttpListener Starting pass-through HTTP listener...
2017-09-22 16:30:54,079 [-] [main]  INFO PassThroughHttpListener Pass-through HTTP listener started on port: 8280
2017-09-22 16:30:54,079 [-] [main]  INFO PassThroughHttpSSLListener Starting pass-through HTTPS listener...
2017-09-22 16:30:54,081 [-] [main]  INFO PassThroughHttpSSLListener Pass-through HTTPS listener started on port: 8243
2017-09-22 16:30:54,081 [-] [main]  INFO Axis2SynapseController Management using JMX available via: service:jmx:rmi:///jndi/rmi://tj-ds-Inspiron-5458:1099/synapse
2017-09-22 16:30:54,083 [-] [main]  INFO TimeoutHandler This engine will expire all callbacks after : 180 seconds, irrespective of the timeout action, after the specified or optional timeout
2017-09-22 16:30:54,085 [-] [main]  INFO ServerManager Server ready for processing...
2017-09-22 16:30:54,085 [-] [main]  INFO SynapseServer Apache Synapse started successfully
2017-09-22 16:32:03,466 [-] [Timer-0]  INFO ProxyService Building Axis service for Proxy service : StockQuote
2017-09-22 16:32:03,695 [-] [Timer-0] ERROR ProxyService Unknown WSDL format.. not WSDL 1.1 or WSDL 2.0
2017-09-22 16:32:03,695 [-] [Timer-0]  WARN ProxyServiceDeployer Proxy service hot deployment from file: /home/tj-ds/Desktop/CO328/synapse-3.0.1-SNAPSHOT/repository/conf/synapse-config/proxy-services/proxy12.xml failed - Continue in fail-safe mode
org.apache.synapse.SynapseException: Unknown WSDL format.. not WSDL 1.1 or WSDL 2.0
	at org.apache.synapse.core.axis2.ProxyService.handleException(ProxyService.java:743)
	at org.apache.synapse.core.axis2.ProxyService.buildAxisService(ProxyService.java:427)
	at org.apache.synapse.deployers.ProxyServiceDeployer.deploySynapseArtifact(ProxyServiceDeployer.java:70)
	at org.apache.synapse.deployers.AbstractSynapseArtifactDeployer.deploy(AbstractSynapseArtifactDeployer.java:169)
	at org.apache.axis2.deployment.repository.util.DeploymentFileData.deploy(DeploymentFileData.java:149)
	at org.apache.axis2.deployment.DeploymentEngine.doDeploy(DeploymentEngine.java:585)
	at org.apache.axis2.deployment.repository.util.WSInfoList.update(WSInfoList.java:164)
	at org.apache.axis2.deployment.RepositoryListener.update(RepositoryListener.java:377)
	at org.apache.axis2.deployment.RepositoryListener.checkServices(RepositoryListener.java:254)
	at org.apache.axis2.deployment.RepositoryListener.startListener(RepositoryListener.java:371)
	at org.apache.axis2.deployment.scheduler.SchedulerTask.checkRepository(SchedulerTask.java:73)
	at org.apache.axis2.deployment.scheduler.SchedulerTask.run(SchedulerTask.java:94)
	at org.apache.axis2.deployment.scheduler.Scheduler$SchedulerTimerTask.run(Scheduler.java:93)
	at java.util.TimerThread.mainLoop(Timer.java:555)
	at java.util.TimerThread.run(Timer.java:505)
2017-09-22 16:33:10,431 [-] [Thread-3]  INFO SynapseServer Shutting down Apache Synapse...
2017-09-22 16:33:10,432 [-] [Thread-3]  INFO SynapseTaskManager Shutting down the task manager
2017-09-22 16:33:10,432 [-] [Thread-3]  INFO PassThroughHttpListener Stopping pass-through HTTP listener..
2017-09-22 16:33:10,433 [-] [Thread-3]  INFO PassThroughHttpSSLListener Stopping pass-through HTTPS listener..
2017-09-22 16:33:10,433 [-] [PassThroughHTTPListener]  INFO PassThroughHttpListener HTTP listener shutdown.
2017-09-22 16:33:10,434 [-] [PassThroughHTTPSListener]  INFO PassThroughHttpSSLListener HTTPS listener shutdown.
2017-09-22 16:33:10,434 [-] [Thread-3]  INFO JMSSender JMS Sender Shutdown
2017-09-22 16:33:10,434 [-] [Thread-3]  INFO VFSTransportSender VFS Sender Shutdown
2017-09-22 16:33:10,435 [-] [PassThroughHTTPSender]  INFO PassThroughHttpSender HTTP sender shutdown
2017-09-22 16:33:10,436 [-] [PassThroughHTTPSSender]  INFO PassThroughHttpSSLSender HTTPS sender shutdown
2017-09-22 16:33:10,437 [-] [Thread-3]  INFO Axis2SynapseController Undeploying the Synapse service...
2017-09-22 16:33:10,437 [-] [Thread-3]  INFO Axis2SynapseController Undeploying Proxy services...
2017-09-22 16:33:10,437 [-] [Thread-3]  INFO Axis2SynapseController Undeploying EventSources...
2017-09-22 16:33:10,438 [-] [Thread-3]  INFO JmxAdapter JMXConnectorServer stopping on service:jmx:rmi:///jndi/rmi://tj-ds-Inspiron-5458:1099/synapse
2017-09-22 16:33:10,440 [-] [Thread-3]  INFO RMIRegistryController Removing the RMI registry bound to port : 1099
2017-09-22 16:33:10,449 [-] [Thread-3]  INFO SynapseServer Apache Synapse shutdown complete
2017-09-22 16:33:10,449 [-] [Thread-3]  INFO SynapseServer Halting JVM
2017-09-22 16:33:16,604 [-] [main]  INFO SynapseServer Starting Apache Synapse...
2017-09-22 16:33:16,617 [-] [main]  INFO SynapseControllerFactory Using Synapse home : /home/tj-ds/Desktop/CO328/synapse-3.0.1-SNAPSHOT
2017-09-22 16:33:16,617 [-] [main]  INFO SynapseControllerFactory Using Axis2 repository : /home/tj-ds/Desktop/CO328/synapse-3.0.1-SNAPSHOT/repository
2017-09-22 16:33:16,617 [-] [main]  INFO SynapseControllerFactory Using axis2.xml location : /home/tj-ds/Desktop/CO328/synapse-3.0.1-SNAPSHOT/repository/conf/axis2.xml
2017-09-22 16:33:16,617 [-] [main]  INFO SynapseControllerFactory Using synapse.xml location : /home/tj-ds/Desktop/CO328/synapse-3.0.1-SNAPSHOT/repository/conf/synapse-config
2017-09-22 16:33:16,617 [-] [main]  INFO SynapseControllerFactory Using server name : localhost
2017-09-22 16:33:16,632 [-] [main]  INFO SynapseControllerFactory The timeout handler will run every : 15s
2017-09-22 16:33:16,714 [-] [main]  INFO Axis2SynapseController Initializing Synapse at : Fri Sep 22 16:33:16 IST 2017
2017-09-22 16:33:17,208 [-] [main]  INFO JMSSender JMS Sender started
2017-09-22 16:33:17,210 [-] [main]  INFO JMSSender JMS Transport Sender initialized...
2017-09-22 16:33:17,210 [-] [main]  INFO VFSTransportSender VFS Sender started
2017-09-22 16:33:17,297 [-] [main]  INFO PassThroughHttpSender Pass-through HTTP sender started...
2017-09-22 16:33:17,299 [-] [main]  INFO PassThroughHttpSSLSender Loading Identity Keystore from : lib/identity.jks
2017-09-22 16:33:17,335 [-] [main]  INFO PassThroughHttpSSLSender Loading Trust Keystore from : lib/trust.jks
2017-09-22 16:33:17,368 [-] [main]  INFO PassThroughHttpSSLSender Pass-through HTTPS sender started...
2017-09-22 16:33:17,545 [-] [main]  INFO PassThroughHttpSSLListener Loading Identity Keystore from : lib/identity.jks
2017-09-22 16:33:17,546 [-] [main]  INFO PassThroughHttpSSLListener Loading Trust Keystore from : lib/trust.jks
2017-09-22 16:33:17,550 [-] [main]  INFO Axis2SynapseController Loading mediator extensions...
2017-09-22 16:33:17,560 [-] [main]  INFO MultiXMLConfigurationBuilder Building synapse configuration from the synapse artifact repository at : /home/tj-ds/Desktop/CO328/synapse-3.0.1-SNAPSHOT/repository/conf/synapse-config
2017-09-22 16:33:17,563 [-] [main]  INFO XMLConfigurationBuilder Generating the Synapse configuration model by parsing the XML configuration
2017-09-22 16:33:17,650 [-] [main]  INFO SynapseConfigurationBuilder Loaded Synapse configuration from the artifact repository at : /home/tj-ds/Desktop/CO328/synapse-3.0.1-SNAPSHOT/repository/conf/synapse-config
2017-09-22 16:33:17,652 [-] [main]  INFO Axis2SynapseController Deploying the Synapse service...
2017-09-22 16:33:17,667 [-] [main]  INFO Axis2SynapseController Deploying Proxy services...
2017-09-22 16:33:17,667 [-] [main]  INFO ProxyService Building Axis service for Proxy service : StockQuote
2017-09-22 16:33:17,712 [-] [main] ERROR ProxyService Unknown WSDL format.. not WSDL 1.1 or WSDL 2.0
2017-09-22 16:33:17,712 [-] [main]  WARN Axis2SynapseController The proxy service StockQuote cannot be deployed - Continue in Proxy Service fail-safe mode.
2017-09-22 16:33:17,713 [-] [main]  INFO Axis2SynapseController Deploying EventSources...
2017-09-22 16:33:17,729 [-] [main]  INFO PassThroughHttpListener Starting pass-through HTTP listener...
2017-09-22 16:33:17,746 [-] [main]  INFO PassThroughHttpListener Pass-through HTTP listener started on port: 8280
2017-09-22 16:33:17,746 [-] [main]  INFO PassThroughHttpSSLListener Starting pass-through HTTPS listener...
2017-09-22 16:33:17,749 [-] [main]  INFO PassThroughHttpSSLListener Pass-through HTTPS listener started on port: 8243
2017-09-22 16:33:17,749 [-] [main]  INFO Axis2SynapseController Management using JMX available via: service:jmx:rmi:///jndi/rmi://tj-ds-Inspiron-5458:1099/synapse
2017-09-22 16:33:17,752 [-] [main]  INFO TimeoutHandler This engine will expire all callbacks after : 180 seconds, irrespective of the timeout action, after the specified or optional timeout
2017-09-22 16:33:17,753 [-] [main]  INFO ServerManager Server ready for processing...
2017-09-22 16:33:17,753 [-] [main]  INFO SynapseServer Apache Synapse started successfully
2017-09-22 16:34:27,378 [-] [Timer-0]  INFO ProxyService Stopped the proxy service : StockQuote
2017-09-22 16:34:27,378 [-] [Timer-0]  INFO ProxyService Building Axis service for Proxy service : StockQuote
2017-09-22 16:34:27,383 [-] [Timer-0] ERROR ProxyService Unknown WSDL format.. not WSDL 1.1 or WSDL 2.0
2017-09-22 16:34:27,384 [-] [Timer-0] ERROR ProxyServiceDeployer ProxyService Update from the file : /home/tj-ds/Desktop/CO328/synapse-3.0.1-SNAPSHOT/repository/conf/synapse-config/proxy-services/proxy12.xml : Failed.
org.apache.synapse.SynapseException: Unknown WSDL format.. not WSDL 1.1 or WSDL 2.0
	at org.apache.synapse.core.axis2.ProxyService.handleException(ProxyService.java:743)
	at org.apache.synapse.core.axis2.ProxyService.buildAxisService(ProxyService.java:427)
	at org.apache.synapse.deployers.ProxyServiceDeployer.updateSynapseArtifact(ProxyServiceDeployer.java:124)
	at org.apache.synapse.deployers.AbstractSynapseArtifactDeployer.deploy(AbstractSynapseArtifactDeployer.java:155)
	at org.apache.axis2.deployment.repository.util.DeploymentFileData.deploy(DeploymentFileData.java:149)
	at org.apache.axis2.deployment.DeploymentEngine.doDeploy(DeploymentEngine.java:585)
	at org.apache.axis2.deployment.repository.util.WSInfoList.update(WSInfoList.java:164)
	at org.apache.axis2.deployment.RepositoryListener.update(RepositoryListener.java:377)
	at org.apache.axis2.deployment.RepositoryListener.checkServices(RepositoryListener.java:254)
	at org.apache.axis2.deployment.RepositoryListener.startListener(RepositoryListener.java:371)
	at org.apache.axis2.deployment.scheduler.SchedulerTask.checkRepository(SchedulerTask.java:73)
	at org.apache.axis2.deployment.scheduler.SchedulerTask.run(SchedulerTask.java:94)
	at org.apache.axis2.deployment.scheduler.Scheduler$SchedulerTimerTask.run(Scheduler.java:93)
	at java.util.TimerThread.mainLoop(Timer.java:555)
	at java.util.TimerThread.run(Timer.java:505)
2017-09-22 16:34:27,386 [-] [Timer-0] ERROR AbstractSynapseArtifactDeployer Update of the Synapse Artifact from file : /home/tj-ds/Desktop/CO328/synapse-3.0.1-SNAPSHOT/repository/conf/synapse-config/proxy-services/proxy12.xml : Failed!
org.apache.synapse.deployers.SynapseArtifactDeploymentException: ProxyService Update from the file : /home/tj-ds/Desktop/CO328/synapse-3.0.1-SNAPSHOT/repository/conf/synapse-config/proxy-services/proxy12.xml : Failed.
	at org.apache.synapse.deployers.AbstractSynapseArtifactDeployer.handleSynapseArtifactDeploymentError(AbstractSynapseArtifactDeployer.java:410)
	at org.apache.synapse.deployers.ProxyServiceDeployer.updateSynapseArtifact(ProxyServiceDeployer.java:143)
	at org.apache.synapse.deployers.AbstractSynapseArtifactDeployer.deploy(AbstractSynapseArtifactDeployer.java:155)
	at org.apache.axis2.deployment.repository.util.DeploymentFileData.deploy(DeploymentFileData.java:149)
	at org.apache.axis2.deployment.DeploymentEngine.doDeploy(DeploymentEngine.java:585)
	at org.apache.axis2.deployment.repository.util.WSInfoList.update(WSInfoList.java:164)
	at org.apache.axis2.deployment.RepositoryListener.update(RepositoryListener.java:377)
	at org.apache.axis2.deployment.RepositoryListener.checkServices(RepositoryListener.java:254)
	at org.apache.axis2.deployment.RepositoryListener.startListener(RepositoryListener.java:371)
	at org.apache.axis2.deployment.scheduler.SchedulerTask.checkRepository(SchedulerTask.java:73)
	at org.apache.axis2.deployment.scheduler.SchedulerTask.run(SchedulerTask.java:94)
	at org.apache.axis2.deployment.scheduler.Scheduler$SchedulerTimerTask.run(Scheduler.java:93)
	at java.util.TimerThread.mainLoop(Timer.java:555)
	at java.util.TimerThread.run(Timer.java:505)
Caused by: org.apache.synapse.SynapseException: Unknown WSDL format.. not WSDL 1.1 or WSDL 2.0
	at org.apache.synapse.core.axis2.ProxyService.handleException(ProxyService.java:743)
	at org.apache.synapse.core.axis2.ProxyService.buildAxisService(ProxyService.java:427)
	at org.apache.synapse.deployers.ProxyServiceDeployer.updateSynapseArtifact(ProxyServiceDeployer.java:124)
	... 12 more
2017-09-22 16:34:27,387 [-] [Timer-0]  INFO AbstractSynapseArtifactDeployer The updated file has been backed up into : /home/tj-ds/Desktop/CO328/synapse-3.0.1-SNAPSHOT/repository/conf/synapse-config/proxy-services/proxy12.xml.back
2017-09-22 16:34:27,387 [-] [Timer-0]  INFO AbstractSynapseArtifactDeployer Restoring the existing artifact into the file : /home/tj-ds/Desktop/CO328/synapse-3.0.1-SNAPSHOT/repository/conf/synapse-config/proxy-services/proxy12.xml
2017-09-22 16:34:27,390 [-] [Timer-0] ERROR ProxyServiceDeployer Restoring of the ProxyService named 'StockQuote' has failed
java.lang.NullPointerException
	at org.apache.synapse.config.xml.ProxyServiceSerializer.serializeProxy(ProxyServiceSerializer.java:54)
	at org.apache.synapse.deployers.ProxyServiceDeployer.restoreSynapseArtifact(ProxyServiceDeployer.java:190)
	at org.apache.synapse.deployers.AbstractSynapseArtifactDeployer.deploy(AbstractSynapseArtifactDeployer.java:163)
	at org.apache.axis2.deployment.repository.util.DeploymentFileData.deploy(DeploymentFileData.java:149)
	at org.apache.axis2.deployment.DeploymentEngine.doDeploy(DeploymentEngine.java:585)
	at org.apache.axis2.deployment.repository.util.WSInfoList.update(WSInfoList.java:164)
	at org.apache.axis2.deployment.RepositoryListener.update(RepositoryListener.java:377)
	at org.apache.axis2.deployment.RepositoryListener.checkServices(RepositoryListener.java:254)
	at org.apache.axis2.deployment.RepositoryListener.startListener(RepositoryListener.java:371)
	at org.apache.axis2.deployment.scheduler.SchedulerTask.checkRepository(SchedulerTask.java:73)
	at org.apache.axis2.deployment.scheduler.SchedulerTask.run(SchedulerTask.java:94)
	at org.apache.axis2.deployment.scheduler.Scheduler$SchedulerTimerTask.run(Scheduler.java:93)
	at java.util.TimerThread.mainLoop(Timer.java:555)
	at java.util.TimerThread.run(Timer.java:505)
2017-09-22 20:14:33,070 [-] [Thread-3]  INFO SynapseServer Shutting down Apache Synapse...
2017-09-22 20:14:33,074 [-] [Thread-3]  INFO SynapseTaskManager Shutting down the task manager
2017-09-22 20:14:33,074 [-] [Thread-3]  INFO PassThroughHttpListener Stopping pass-through HTTP listener..
2017-09-22 20:14:33,076 [-] [PassThroughHTTPListener]  INFO PassThroughHttpListener HTTP listener shutdown.
2017-09-22 20:14:33,077 [-] [Thread-3]  INFO PassThroughHttpSSLListener Stopping pass-through HTTPS listener..
2017-09-22 20:14:33,080 [-] [PassThroughHTTPSListener]  INFO PassThroughHttpSSLListener HTTPS listener shutdown.
2017-09-22 20:14:33,081 [-] [Thread-3]  INFO JMSSender JMS Sender Shutdown
2017-09-22 20:14:33,081 [-] [Thread-3]  INFO VFSTransportSender VFS Sender Shutdown
2017-09-22 20:14:33,082 [-] [PassThroughHTTPSender]  INFO PassThroughHttpSender HTTP sender shutdown
2017-09-22 20:14:33,082 [-] [PassThroughHTTPSSender]  INFO PassThroughHttpSSLSender HTTPS sender shutdown
2017-09-22 20:14:33,083 [-] [Thread-3]  INFO Axis2SynapseController Undeploying the Synapse service...
2017-09-22 20:14:33,083 [-] [Thread-3]  INFO Axis2SynapseController Undeploying Proxy services...
2017-09-22 20:14:33,084 [-] [Thread-3]  INFO Axis2SynapseController Undeploying EventSources...
2017-09-22 20:14:33,085 [-] [Thread-3]  INFO JmxAdapter JMXConnectorServer stopping on service:jmx:rmi:///jndi/rmi://tj-ds-Inspiron-5458:1099/synapse
2017-09-22 20:14:33,089 [-] [Thread-3]  INFO RMIRegistryController Removing the RMI registry bound to port : 1099
2017-09-22 20:14:33,092 [-] [Thread-3]  INFO SynapseServer Apache Synapse shutdown complete
2017-09-22 20:14:33,092 [-] [Thread-3]  INFO SynapseServer Halting JVM
